Using pre-set license

 COMMAND LINE ARGUMENTS:
/Applications/Unity/Hub/Editor/2020.2.4f1/Unity.app/Contents/MacOS/Unity
-adb2
-batchMode
-noUpm
-name
AssetImportWorker0
-projectPath
/Users/DK 1/Documents/GitHub/Fall2021GameDevelopment/Class Fall 2021
-logFile
Logs/AssetImportWorker0.log
-srvPort
61924
Successfully changed project path to: /Users/DK 1/Documents/GitHub/Fall2021GameDevelopment/Class Fall 2021
/Users/DK 1/Documents/GitHub/Fall2021GameDevelopment/Class Fall 2021
Using Asset Import Pipeline V2.
Refreshing native plugins compatible for Editor in 98.67 ms, found 1 plugins.
Preloading 0 native plugins for Editor in 0.00 ms.
Initialize engine version: 2020.2.4f1 (becced5a802b)
[Subsystems] Discovering subsystems at path /Applications/Unity/Hub/Editor/2020.2.4f1/Unity.app/Contents/Resources/UnitySubsystems
[Subsystems] Discovering subsystems at path /Users/DK 1/Documents/GitHub/Fall2021GameDevelopment/Class Fall 2021/Assets
GfxDevice: creating device client; threaded=0
2021-10-25 09:27:22.096 Unity[15945:646993] Crestron preferred device: Intel(R) Iris(TM) Graphics 6000 (low power)
2021-10-25 09:27:22.096 Unity[15945:646993] Metal devices available: 1
2021-10-25 09:27:22.096 Unity[15945:646993] 0: Intel(R) Iris(TM) Graphics 6000 (low power)
2021-10-25 09:27:22.097 Unity[15945:646993] Using device Intel(R) Iris(TM) Graphics 6000 (low power)
Initializing Metal device caps: Intel(R) Iris(TM) Graphics 6000
Initialize mono
Mono path[0] = '/Applications/Unity/Hub/Editor/2020.2.4f1/Unity.app/Contents/Managed'
Mono path[1] = '/Applications/Unity/Hub/Editor/2020.2.4f1/Unity.app/Contents/MonoBleedingEdge/lib/mono/unityjit'
Mono config path = '/Applications/Unity/Hub/Editor/2020.2.4f1/Unity.app/Contents/MonoBleedingEdge/etc'
Using monoOptions --debugger-agent=transport=dt_socket,embedding=1,server=y,suspend=n,address=127.0.0.1:56945
Begin MonoManager ReloadAssembly
Registering precompiled unity dll's ...
Register platform support module: /Applications/Unity/Hub/Editor/2020.2.4f1/PlaybackEngines/WebGLSupport/UnityEditor.WebGL.Extensions.dll
Register platform support module: /Applications/Unity/Hub/Editor/2020.2.4f1/Unity.app/Contents/PlaybackEngines/MacStandaloneSupport/UnityEditor.OSXStandalone.Extensions.dll
Registered in 0.004198 seconds.
Native extension for OSXStandalone target not found
Native extension for WebGL target not found
Refreshing native plugins compatible for Editor in 59.63 ms, found 1 plugins.
Preloading 0 native plugins for Editor in 0.00 ms.
Invoked RoslynAnalysisRunner static constructor.
RoslynAnalysisRunner will not be running.
RoslynAnalysisRunner has terminated.
Mono: successfully reloaded assembly
- Completed reload, in  6.779 seconds
Platform modules already initialized, skipping
Registering precompiled user dll's ...
Registered in 0.016853 seconds.
Begin MonoManager ReloadAssembly
Native extension for OSXStandalone target not found
Native extension for WebGL target not found
Refreshing native plugins compatible for Editor in 0.62 ms, found 1 plugins.
Preloading 0 native plugins for Editor in 0.00 ms.
Invoked RoslynAnalysisRunner static constructor.
RoslynAnalysisRunner will not be running.
RoslynAnalysisRunner has terminated.
Mono: successfully reloaded assembly
- Completed reload, in  1.688 seconds
Platform modules already initialized, skipping
========================================================================
Worker process is ready to serve import requests
Launching external process: /Applications/Unity/Hub/Editor/2020.2.4f1/Unity.app/Contents/Tools/UnityShaderCompiler
Launched and connected shader compiler UnityShaderCompiler after 0.04 seconds
Refreshing native plugins compatible for Editor in 1.12 ms, found 1 plugins.
Preloading 0 native plugins for Editor in 0.00 ms.
Unloading 1495 Unused Serialized files (Serialized files now loaded: 0)
System memory in use before: 138.0 MB.
System memory in use after: 137.6 MB.

Unloading 34 unused Assets to reduce memory usage. Loaded Objects now: 1943.
Total: 3.946540 ms (FindLiveObjects: 0.491050 ms CreateObjectMapping: 0.224465 ms MarkObjects: 2.369176 ms  DeleteObjects: 0.859524 ms)

========================================================================
Received Import Request.
  path: Assets/Scenes/level1.unity
  artifactKey: Guid(2cda990e2423bbf4892e6590ba056729) Importer(815301076,1909f56bfc062723c751e8b465ee728b)
Start importing Assets/Scenes/level1.unity using Guid(2cda990e2423bbf4892e6590ba056729) Importer(815301076,1909f56bfc062723c751e8b465ee728b)  -> (artifact id: 'c6e5185c79449f0a82006ee8affbdcf7') in 0.027594 seconds
  Import took 0.038747 seconds .

========================================================================
Received Prepare
Registering precompiled user dll's ...
Registered in 0.001925 seconds.
Begin MonoManager ReloadAssembly
Native extension for OSXStandalone target not found
Native extension for WebGL target not found
Refreshing native plugins compatible for Editor in 0.61 ms, found 1 plugins.
Preloading 0 native plugins for Editor in 0.00 ms.
Invoked RoslynAnalysisRunner static constructor.
RoslynAnalysisRunner will not be running.
RoslynAnalysisRunner has terminated.
Mono: successfully reloaded assembly
- Completed reload, in  1.294 seconds
Platform modules already initialized, skipping
Refreshing native plugins compatible for Editor in 0.86 ms, found 1 plugins.
Preloading 0 native plugins for Editor in 0.00 ms.
Unloading 1470 Unused Serialized files (Serialized files now loaded: 0)
System memory in use before: 136.5 MB.
System memory in use after: 136.2 MB.

Unloading 25 unused Assets to reduce memory usage. Loaded Objects now: 1945.
Total: 4.068277 ms (FindLiveObjects: 0.416076 ms CreateObjectMapping: 0.132942 ms MarkObjects: 2.765225 ms  DeleteObjects: 0.749747 ms)

========================================================================
Received Prepare
Registering precompiled user dll's ...
Registered in 0.001836 seconds.
Begin MonoManager ReloadAssembly
Native extension for OSXStandalone target not found
Native extension for WebGL target not found
Refreshing native plugins compatible for Editor in 0.70 ms, found 1 plugins.
Preloading 0 native plugins for Editor in 0.00 ms.
Invoked RoslynAnalysisRunner static constructor.
RoslynAnalysisRunner will not be running.
RoslynAnalysisRunner has terminated.
Mono: successfully reloaded assembly
- Completed reload, in  1.566 seconds
Platform modules already initialized, skipping
Refreshing native plugins compatible for Editor in 1.16 ms, found 1 plugins.
Preloading 0 native plugins for Editor in 0.00 ms.
Unloading 1470 Unused Serialized files (Serialized files now loaded: 0)
System memory in use before: 136.7 MB.
System memory in use after: 136.4 MB.

Unloading 25 unused Assets to reduce memory usage. Loaded Objects now: 1947.
Total: 7.765869 ms (FindLiveObjects: 0.435926 ms CreateObjectMapping: 0.119644 ms MarkObjects: 3.519481 ms  DeleteObjects: 3.687837 ms)

========================================================================
Received Import Request.
  Time since last request: 482.874800 seconds.
  path: Assets/Scenes/menu.unity
  artifactKey: Guid(db6c98fc03c204b239a419197a890687) Importer(815301076,1909f56bfc062723c751e8b465ee728b)
Start importing Assets/Scenes/menu.unity using Guid(db6c98fc03c204b239a419197a890687) Importer(815301076,1909f56bfc062723c751e8b465ee728b)  -> (artifact id: 'baf927ccdf1acbbb140ea444be1f6bf4') in 0.023588 seconds
  Import took 0.031252 seconds .

========================================================================
Received Prepare
Registering precompiled user dll's ...
Registered in 0.005750 seconds.
Begin MonoManager ReloadAssembly
Native extension for OSXStandalone target not found
Native extension for WebGL target not found
Refreshing native plugins compatible for Editor in 1.19 ms, found 1 plugins.
Preloading 0 native plugins for Editor in 0.00 ms.
Invoked RoslynAnalysisRunner static constructor.
RoslynAnalysisRunner will not be running.
RoslynAnalysisRunner has terminated.
Mono: successfully reloaded assembly
- Completed reload, in  3.170 seconds
Platform modules already initialized, skipping
Refreshing native plugins compatible for Editor in 1.33 ms, found 1 plugins.
Preloading 0 native plugins for Editor in 0.00 ms.
Unloading 1470 Unused Serialized files (Serialized files now loaded: 0)
System memory in use before: 137.0 MB.
System memory in use after: 136.6 MB.

Unloading 25 unused Assets to reduce memory usage. Loaded Objects now: 1949.
Total: 5.844769 ms (FindLiveObjects: 0.853644 ms CreateObjectMapping: 0.179084 ms MarkObjects: 3.794655 ms  DeleteObjects: 1.014396 ms)

========================================================================
Received Prepare
Registering precompiled user dll's ...
Registered in 0.015868 seconds.
Begin MonoManager ReloadAssembly
Native extension for OSXStandalone target not found
Native extension for WebGL target not found
Refreshing native plugins compatible for Editor in 0.98 ms, found 1 plugins.
Preloading 0 native plugins for Editor in 0.00 ms.
Invoked RoslynAnalysisRunner static constructor.
RoslynAnalysisRunner will not be running.
RoslynAnalysisRunner has terminated.
Mono: successfully reloaded assembly
- Completed reload, in  2.588 seconds
Platform modules already initialized, skipping
Refreshing native plugins compatible for Editor in 0.99 ms, found 1 plugins.
Preloading 0 native plugins for Editor in 0.00 ms.
Unloading 1470 Unused Serialized files (Serialized files now loaded: 0)
System memory in use before: 137.1 MB.
System memory in use after: 136.8 MB.

Unloading 25 unused Assets to reduce memory usage. Loaded Objects now: 1951.
Total: 5.514329 ms (FindLiveObjects: 0.568268 ms CreateObjectMapping: 0.329095 ms MarkObjects: 3.549019 ms  DeleteObjects: 1.065620 ms)

========================================================================
Received Prepare
Registering precompiled user dll's ...
Registered in 0.001451 seconds.
Begin MonoManager ReloadAssembly
Native extension for OSXStandalone target not found
Native extension for WebGL target not found
Refreshing native plugins compatible for Editor in 0.81 ms, found 1 plugins.
Preloading 0 native plugins for Editor in 0.00 ms.
Invoked RoslynAnalysisRunner static constructor.
RoslynAnalysisRunner will not be running.
RoslynAnalysisRunner has terminated.
Mono: successfully reloaded assembly
- Completed reload, in  1.574 seconds
Platform modules already initialized, skipping
Refreshing native plugins compatible for Editor in 1.03 ms, found 1 plugins.
Preloading 0 native plugins for Editor in 0.00 ms.
Unloading 1470 Unused Serialized files (Serialized files now loaded: 0)
System memory in use before: 137.3 MB.
System memory in use after: 137.0 MB.

Unloading 25 unused Assets to reduce memory usage. Loaded Objects now: 1953.
Total: 4.983350 ms (FindLiveObjects: 0.315763 ms CreateObjectMapping: 0.109323 ms MarkObjects: 3.299643 ms  DeleteObjects: 1.253342 ms)

========================================================================
Received Import Request.
  Time since last request: 281.116836 seconds.
  path: Assets/Scenes/level1.unity
  artifactKey: Guid(2cda990e2423bbf4892e6590ba056729) Importer(815301076,1909f56bfc062723c751e8b465ee728b)
Start importing Assets/Scenes/level1.unity using Guid(2cda990e2423bbf4892e6590ba056729) Importer(815301076,1909f56bfc062723c751e8b465ee728b)  -> (artifact id: '4d4731b2c848c28fec0689048002a91a') in 0.023934 seconds
  Import took 0.033067 seconds .

========================================================================
Received Import Request.
  Time since last request: 51.574087 seconds.
  path: Assets/Scenes/level1.unity
  artifactKey: Guid(2cda990e2423bbf4892e6590ba056729) Importer(815301076,1909f56bfc062723c751e8b465ee728b)
Start importing Assets/Scenes/level1.unity using Guid(2cda990e2423bbf4892e6590ba056729) Importer(815301076,1909f56bfc062723c751e8b465ee728b)  -> (artifact id: '4c172e4c2685e7a8f1f58a10166a9f8f') in 0.004584 seconds
  Import took 0.013371 seconds .

========================================================================
Received Import Request.
  Time since last request: 0.002216 seconds.
  path: Assets/Scenes/level1.unity
  artifactKey: Guid(2cda990e2423bbf4892e6590ba056729) Importer(815301076,1909f56bfc062723c751e8b465ee728b)
Start importing Assets/Scenes/level1.unity using Guid(2cda990e2423bbf4892e6590ba056729) Importer(815301076,1909f56bfc062723c751e8b465ee728b)  -> (artifact id: '4c172e4c2685e7a8f1f58a10166a9f8f') in 0.004061 seconds
  Import took 0.009456 seconds .

========================================================================
Received Import Request.
  Time since last request: 5.308999 seconds.
  path: Assets/Scenes/instructions.unity
  artifactKey: Guid(2528183bd7a7b4806bdb3830bae6a17e) Importer(815301076,1909f56bfc062723c751e8b465ee728b)
Start importing Assets/Scenes/instructions.unity using Guid(2528183bd7a7b4806bdb3830bae6a17e) Importer(815301076,1909f56bfc062723c751e8b465ee728b)  -> (artifact id: '37ee975e244c4f15897ca24861cf4cfa') in 0.008321 seconds
  Import took 0.013894 seconds .

========================================================================
Received Prepare
Registering precompiled user dll's ...
Registered in 0.005617 seconds.
Begin MonoManager ReloadAssembly
Native extension for OSXStandalone target not found
Native extension for WebGL target not found
Refreshing native plugins compatible for Editor in 0.62 ms, found 1 plugins.
Preloading 0 native plugins for Editor in 0.00 ms.
Invoked RoslynAnalysisRunner static constructor.
RoslynAnalysisRunner will not be running.
RoslynAnalysisRunner has terminated.
Mono: successfully reloaded assembly
- Completed reload, in  1.477 seconds
Platform modules already initialized, skipping
Refreshing native plugins compatible for Editor in 1.01 ms, found 1 plugins.
Preloading 0 native plugins for Editor in 0.00 ms.
Unloading 1470 Unused Serialized files (Serialized files now loaded: 0)
System memory in use before: 137.6 MB.
System memory in use after: 137.2 MB.

Unloading 25 unused Assets to reduce memory usage. Loaded Objects now: 1955.
Total: 3.600424 ms (FindLiveObjects: 0.314836 ms CreateObjectMapping: 0.118927 ms MarkObjects: 2.427057 ms  DeleteObjects: 0.735680 ms)

========================================================================
Received Prepare
Registering precompiled user dll's ...
Registered in 0.001454 seconds.
Begin MonoManager ReloadAssembly
Native extension for OSXStandalone target not found
Native extension for WebGL target not found
Refreshing native plugins compatible for Editor in 0.60 ms, found 1 plugins.
Preloading 0 native plugins for Editor in 0.00 ms.
Invoked RoslynAnalysisRunner static constructor.
RoslynAnalysisRunner will not be running.
RoslynAnalysisRunner has terminated.
Mono: successfully reloaded assembly
- Completed reload, in  1.385 seconds
Platform modules already initialized, skipping
Refreshing native plugins compatible for Editor in 0.58 ms, found 1 plugins.
Preloading 0 native plugins for Editor in 0.00 ms.
Unloading 1470 Unused Serialized files (Serialized files now loaded: 0)
System memory in use before: 137.7 MB.
System memory in use after: 137.4 MB.

Unloading 25 unused Assets to reduce memory usage. Loaded Objects now: 1957.
Total: 4.351457 ms (FindLiveObjects: 0.424834 ms CreateObjectMapping: 0.119732 ms MarkObjects: 2.734328 ms  DeleteObjects: 1.068094 ms)

========================================================================
Received Prepare
Registering precompiled user dll's ...
Registered in 0.011661 seconds.
Begin MonoManager ReloadAssembly
Native extension for OSXStandalone target not found
Native extension for WebGL target not found
Refreshing native plugins compatible for Editor in 0.56 ms, found 1 plugins.
Preloading 0 native plugins for Editor in 0.00 ms.
Invoked RoslynAnalysisRunner static constructor.
RoslynAnalysisRunner will not be running.
RoslynAnalysisRunner has terminated.
Mono: successfully reloaded assembly
- Completed reload, in  2.646 seconds
Platform modules already initialized, skipping
Refreshing native plugins compatible for Editor in 1.02 ms, found 1 plugins.
Preloading 0 native plugins for Editor in 0.00 ms.
Unloading 1470 Unused Serialized files (Serialized files now loaded: 0)
System memory in use before: 137.9 MB.
System memory in use after: 137.6 MB.

Unloading 25 unused Assets to reduce memory usage. Loaded Objects now: 1959.
Total: 3.905748 ms (FindLiveObjects: 0.454725 ms CreateObjectMapping: 0.112828 ms MarkObjects: 2.470240 ms  DeleteObjects: 0.863010 ms)

========================================================================
Received Import Request.
  Time since last request: 1596.154564 seconds.
  path: Assets/Scenes/level3.unity
  artifactKey: Guid(626c83cac32554df78ef6f3b2def6e92) Importer(815301076,1909f56bfc062723c751e8b465ee728b)
Start importing Assets/Scenes/level3.unity using Guid(626c83cac32554df78ef6f3b2def6e92) Importer(815301076,1909f56bfc062723c751e8b465ee728b)  -> (artifact id: '39a5f7f9e31591195677fa5ddf72d551') in 0.023568 seconds
  Import took 0.032678 seconds .

========================================================================
Received Prepare
Refreshing native plugins compatible for Editor in 78.46 ms, found 1 plugins.
Preloading 0 native plugins for Editor in 0.00 ms.
Unloading 24 Unused Serialized files (Serialized files now loaded: 0)
System memory in use before: 109.5 MB.
System memory in use after: 109.2 MB.

Unloading 23 unused Assets to reduce memory usage. Loaded Objects now: 1959.
Total: 25.469494 ms (FindLiveObjects: 0.551997 ms CreateObjectMapping: 0.141273 ms MarkObjects: 24.020330 ms  DeleteObjects: 0.749384 ms)

========================================================================
Received Prepare
Registering precompiled user dll's ...
Registered in 0.004693 seconds.
Begin MonoManager ReloadAssembly
Native extension for OSXStandalone target not found
Native extension for WebGL target not found
Refreshing native plugins compatible for Editor in 0.62 ms, found 1 plugins.
Preloading 0 native plugins for Editor in 0.00 ms.
Invoked RoslynAnalysisRunner static constructor.
RoslynAnalysisRunner will not be running.
RoslynAnalysisRunner has terminated.
Mono: successfully reloaded assembly
- Completed reload, in  1.677 seconds
Platform modules already initialized, skipping
Refreshing native plugins compatible for Editor in 0.63 ms, found 1 plugins.
Preloading 0 native plugins for Editor in 0.00 ms.
Unloading 1470 Unused Serialized files (Serialized files now loaded: 0)
System memory in use before: 138.1 MB.
System memory in use after: 137.8 MB.

Unloading 25 unused Assets to reduce memory usage. Loaded Objects now: 1961.
Total: 3.070064 ms (FindLiveObjects: 0.294191 ms CreateObjectMapping: 0.064724 ms MarkObjects: 1.996595 ms  DeleteObjects: 0.712145 ms)

========================================================================
Received Prepare
Registering precompiled user dll's ...
Registered in 0.018908 seconds.
Begin MonoManager ReloadAssembly
Native extension for OSXStandalone target not found
Native extension for WebGL target not found
Refreshing native plugins compatible for Editor in 0.75 ms, found 1 plugins.
Preloading 0 native plugins for Editor in 0.00 ms.
Invoked RoslynAnalysisRunner static constructor.
RoslynAnalysisRunner will not be running.
RoslynAnalysisRunner has terminated.
Mono: successfully reloaded assembly
- Completed reload, in  1.707 seconds
Platform modules already initialized, skipping
Refreshing native plugins compatible for Editor in 0.93 ms, found 1 plugins.
Preloading 0 native plugins for Editor in 0.00 ms.
Unloading 1470 Unused Serialized files (Serialized files now loaded: 0)
System memory in use before: 138.3 MB.
System memory in use after: 138.0 MB.

Unloading 25 unused Assets to reduce memory usage. Loaded Objects now: 1963.
Total: 3.923160 ms (FindLiveObjects: 0.322473 ms CreateObjectMapping: 0.115126 ms MarkObjects: 2.597027 ms  DeleteObjects: 0.885139 ms)

========================================================================
Received Import Request.
  Time since last request: 193.524190 seconds.
  path: Assets/Scenes/level2.unity
  artifactKey: Guid(c8b8ed46fd56c4319a27d3ff49cc8a17) Importer(815301076,1909f56bfc062723c751e8b465ee728b)
Start importing Assets/Scenes/level2.unity using Guid(c8b8ed46fd56c4319a27d3ff49cc8a17) Importer(815301076,1909f56bfc062723c751e8b465ee728b)  -> (artifact id: '4e245e9e6c081315b73e02d773e525f8') in 0.025907 seconds
  Import took 0.032955 seconds .

========================================================================
Received Import Request.
  Time since last request: 23.752474 seconds.
  path: Assets/Scenes/level3.unity
  artifactKey: Guid(626c83cac32554df78ef6f3b2def6e92) Importer(815301076,1909f56bfc062723c751e8b465ee728b)
Start importing Assets/Scenes/level3.unity using Guid(626c83cac32554df78ef6f3b2def6e92) Importer(815301076,1909f56bfc062723c751e8b465ee728b)  -> (artifact id: 'caa15933a30436c9b145abca5d990afb') in 0.007246 seconds
  Import took 0.010996 seconds .

========================================================================
Received Prepare
Registering precompiled user dll's ...
Registered in 0.011414 seconds.
Begin MonoManager ReloadAssembly
Native extension for OSXStandalone target not found
Native extension for WebGL target not found
Refreshing native plugins compatible for Editor in 0.60 ms, found 1 plugins.
Preloading 0 native plugins for Editor in 0.00 ms.
Invoked RoslynAnalysisRunner static constructor.
RoslynAnalysisRunner will not be running.
RoslynAnalysisRunner has terminated.
Mono: successfully reloaded assembly
- Completed reload, in  1.749 seconds
Platform modules already initialized, skipping
Refreshing native plugins compatible for Editor in 0.62 ms, found 1 plugins.
Preloading 0 native plugins for Editor in 0.00 ms.
Unloading 1470 Unused Serialized files (Serialized files now loaded: 0)
System memory in use before: 138.5 MB.
System memory in use after: 138.2 MB.

Unloading 25 unused Assets to reduce memory usage. Loaded Objects now: 1965.
Total: 2.921858 ms (FindLiveObjects: 0.239513 ms CreateObjectMapping: 0.062467 ms MarkObjects: 1.930128 ms  DeleteObjects: 0.688051 ms)

========================================================================
Received Prepare
Registering precompiled user dll's ...
Registered in 0.002182 seconds.
Begin MonoManager ReloadAssembly
Native extension for OSXStandalone target not found
Native extension for WebGL target not found
Refreshing native plugins compatible for Editor in 1.92 ms, found 1 plugins.
Preloading 0 native plugins for Editor in 0.00 ms.
Invoked RoslynAnalysisRunner static constructor.
RoslynAnalysisRunner will not be running.
RoslynAnalysisRunner has terminated.
Mono: successfully reloaded assembly
- Completed reload, in  6.142 seconds
Platform modules already initialized, skipping
Refreshing native plugins compatible for Editor in 0.64 ms, found 1 plugins.
Preloading 0 native plugins for Editor in 0.00 ms.
Unloading 1470 Unused Serialized files (Serialized files now loaded: 0)
System memory in use before: 138.7 MB.
System memory in use after: 138.4 MB.

Unloading 25 unused Assets to reduce memory usage. Loaded Objects now: 1967.
Total: 3.260840 ms (FindLiveObjects: 0.256101 ms CreateObjectMapping: 0.062075 ms MarkObjects: 2.223339 ms  DeleteObjects: 0.716927 ms)

========================================================================
Received Prepare
Refreshing native plugins compatible for Editor in 3.83 ms, found 1 plugins.
Preloading 0 native plugins for Editor in 0.00 ms.
Unloading 24 Unused Serialized files (Serialized files now loaded: 0)
System memory in use before: 110.2 MB.
System memory in use after: 109.9 MB.

Unloading 23 unused Assets to reduce memory usage. Loaded Objects now: 1967.
Total: 5.041715 ms (FindLiveObjects: 0.392855 ms CreateObjectMapping: 0.110288 ms MarkObjects: 3.330628 ms  DeleteObjects: 1.204493 ms)

========================================================================
Received Prepare
Registering precompiled user dll's ...
Registered in 0.006661 seconds.
Begin MonoManager ReloadAssembly
Native extension for OSXStandalone target not found
Native extension for WebGL target not found
Refreshing native plugins compatible for Editor in 0.70 ms, found 1 plugins.
Preloading 0 native plugins for Editor in 0.00 ms.
Invoked RoslynAnalysisRunner static constructor.
RoslynAnalysisRunner will not be running.
RoslynAnalysisRunner has terminated.
Mono: successfully reloaded assembly
- Completed reload, in  1.542 seconds
Platform modules already initialized, skipping
Refreshing native plugins compatible for Editor in 1.16 ms, found 1 plugins.
Preloading 0 native plugins for Editor in 0.00 ms.
Unloading 1470 Unused Serialized files (Serialized files now loaded: 0)
System memory in use before: 138.9 MB.
System memory in use after: 138.6 MB.

Unloading 25 unused Assets to reduce memory usage. Loaded Objects now: 1969.
Total: 5.455632 ms (FindLiveObjects: 0.632652 ms CreateObjectMapping: 0.136065 ms MarkObjects: 3.324867 ms  DeleteObjects: 1.359108 ms)

========================================================================
Received Prepare
Registering precompiled user dll's ...
Registered in 0.001342 seconds.
Begin MonoManager ReloadAssembly
Native extension for OSXStandalone target not found
Native extension for WebGL target not found
Refreshing native plugins compatible for Editor in 0.70 ms, found 1 plugins.
Preloading 0 native plugins for Editor in 0.00 ms.
Invoked RoslynAnalysisRunner static constructor.
RoslynAnalysisRunner will not be running.
RoslynAnalysisRunner has terminated.
Mono: successfully reloaded assembly
- Completed reload, in  2.096 seconds
Platform modules already initialized, skipping
Refreshing native plugins compatible for Editor in 1.02 ms, found 1 plugins.
Preloading 0 native plugins for Editor in 0.00 ms.
Unloading 1470 Unused Serialized files (Serialized files now loaded: 0)
System memory in use before: 139.1 MB.
System memory in use after: 138.8 MB.

Unloading 25 unused Assets to reduce memory usage. Loaded Objects now: 1971.
Total: 6.419620 ms (FindLiveObjects: 0.390537 ms CreateObjectMapping: 0.108303 ms MarkObjects: 4.373130 ms  DeleteObjects: 1.544012 ms)

========================================================================
Received Import Request.
  Time since last request: 489.332870 seconds.
  path: Assets/Scenes/saveScore.unity
  artifactKey: Guid(6448b20d63eb8408b873e7b25cb97982) Importer(815301076,1909f56bfc062723c751e8b465ee728b)
Start importing Assets/Scenes/saveScore.unity using Guid(6448b20d63eb8408b873e7b25cb97982) Importer(815301076,1909f56bfc062723c751e8b465ee728b)  -> (artifact id: 'd891fcc2fe276f9d32b1ca8b837150e5') in 0.035585 seconds
  Import took 0.040304 seconds .

========================================================================
Received Import Request.
  Time since last request: 5.896351 seconds.
  path: Assets/Scenes/highScores.unity
  artifactKey: Guid(b316b484c0a524c88bf26af4a6a4c9c0) Importer(815301076,1909f56bfc062723c751e8b465ee728b)
Start importing Assets/Scenes/highScores.unity using Guid(b316b484c0a524c88bf26af4a6a4c9c0) Importer(815301076,1909f56bfc062723c751e8b465ee728b)  -> (artifact id: 'c188b48e757e860a7d70710e41258a6e') in 0.006209 seconds
  Import took 0.013826 seconds .

========================================================================
Received Import Request.
  Time since last request: 35.449859 seconds.
  path: Assets/Scenes/level1.unity
  artifactKey: Guid(2cda990e2423bbf4892e6590ba056729) Importer(815301076,1909f56bfc062723c751e8b465ee728b)
Start importing Assets/Scenes/level1.unity using Guid(2cda990e2423bbf4892e6590ba056729) Importer(815301076,1909f56bfc062723c751e8b465ee728b)  -> (artifact id: '9120c48f689345d6f018b13a3c137be5') in 0.004197 seconds
  Import took 0.011748 seconds .

========================================================================
Received Prepare
Registering precompiled user dll's ...
Registered in 0.001490 seconds.
Begin MonoManager ReloadAssembly
Native extension for OSXStandalone target not found
Native extension for WebGL target not found
Refreshing native plugins compatible for Editor in 0.56 ms, found 1 plugins.
Preloading 0 native plugins for Editor in 0.00 ms.
Invoked RoslynAnalysisRunner static constructor.
RoslynAnalysisRunner will not be running.
RoslynAnalysisRunner has terminated.
Mono: successfully reloaded assembly
- Completed reload, in  3.723 seconds
Platform modules already initialized, skipping
Refreshing native plugins compatible for Editor in 1.09 ms, found 1 plugins.
Preloading 0 native plugins for Editor in 0.00 ms.
Unloading 1470 Unused Serialized files (Serialized files now loaded: 0)
System memory in use before: 139.3 MB.
System memory in use after: 139.0 MB.

Unloading 25 unused Assets to reduce memory usage. Loaded Objects now: 1973.
Total: 4.864582 ms (FindLiveObjects: 0.893932 ms CreateObjectMapping: 0.231225 ms MarkObjects: 2.921265 ms  DeleteObjects: 0.775243 ms)

========================================================================
Received Prepare
Refreshing native plugins compatible for Editor in 66.31 ms, found 1 plugins.
Preloading 0 native plugins for Editor in 0.00 ms.
Unloading 24 Unused Serialized files (Serialized files now loaded: 0)
System memory in use before: 110.8 MB.
System memory in use after: 110.5 MB.

Unloading 23 unused Assets to reduce memory usage. Loaded Objects now: 1973.
Total: 5.699125 ms (FindLiveObjects: 0.905121 ms CreateObjectMapping: 0.216597 ms MarkObjects: 3.476848 ms  DeleteObjects: 1.097238 ms)

========================================================================
Received Import Request.
  Time since last request: 401.515531 seconds.
  path: Assets/Scenes/level2.unity
  artifactKey: Guid(c8b8ed46fd56c4319a27d3ff49cc8a17) Importer(815301076,1909f56bfc062723c751e8b465ee728b)
Start importing Assets/Scenes/level2.unity using Guid(c8b8ed46fd56c4319a27d3ff49cc8a17) Importer(815301076,1909f56bfc062723c751e8b465ee728b)  -> (artifact id: 'f3448fdfd5d9a2ff257d2c18f3299f87') in 0.022758 seconds
  Import took 0.031142 seconds .

========================================================================
Received Prepare
Registering precompiled user dll's ...
Registered in 0.004782 seconds.
Begin MonoManager ReloadAssembly
Native extension for OSXStandalone target not found
Native extension for WebGL target not found
Refreshing native plugins compatible for Editor in 0.60 ms, found 1 plugins.
Preloading 0 native plugins for Editor in 0.00 ms.
Invoked RoslynAnalysisRunner static constructor.
RoslynAnalysisRunner will not be running.
RoslynAnalysisRunner has terminated.
Mono: successfully reloaded assembly
- Completed reload, in  1.442 seconds
Platform modules already initialized, skipping
Refreshing native plugins compatible for Editor in 0.76 ms, found 1 plugins.
Preloading 0 native plugins for Editor in 0.00 ms.
Unloading 1470 Unused Serialized files (Serialized files now loaded: 0)
System memory in use before: 139.5 MB.
System memory in use after: 139.2 MB.

Unloading 25 unused Assets to reduce memory usage. Loaded Objects now: 1975.
Total: 5.070940 ms (FindLiveObjects: 0.365718 ms CreateObjectMapping: 0.084848 ms MarkObjects: 3.531457 ms  DeleteObjects: 1.085418 ms)

========================================================================
Received Import Request.
  Time since last request: 82.437518 seconds.
  path: Assets/Scenes/highScores.unity
  artifactKey: Guid(b316b484c0a524c88bf26af4a6a4c9c0) Importer(815301076,1909f56bfc062723c751e8b465ee728b)
Start importing Assets/Scenes/highScores.unity using Guid(b316b484c0a524c88bf26af4a6a4c9c0) Importer(815301076,1909f56bfc062723c751e8b465ee728b)  -> (artifact id: '91c79e30c9335455678b1207f1b22882') in 0.023348 seconds
  Import took 0.033236 seconds .

========================================================================
Received Prepare
Registering precompiled user dll's ...
Registered in 0.001434 seconds.
Begin MonoManager ReloadAssembly
Native extension for OSXStandalone target not found
Native extension for WebGL target not found
Refreshing native plugins compatible for Editor in 1.06 ms, found 1 plugins.
Preloading 0 native plugins for Editor in 0.00 ms.
Invoked RoslynAnalysisRunner static constructor.
RoslynAnalysisRunner will not be running.
RoslynAnalysisRunner has terminated.
Mono: successfully reloaded assembly
- Completed reload, in  1.612 seconds
Platform modules already initialized, skipping
Refreshing native plugins compatible for Editor in 0.63 ms, found 1 plugins.
Preloading 0 native plugins for Editor in 0.00 ms.
Unloading 1470 Unused Serialized files (Serialized files now loaded: 0)
System memory in use before: 139.7 MB.
System memory in use after: 139.4 MB.

Unloading 25 unused Assets to reduce memory usage. Loaded Objects now: 1977.
Total: 3.530110 ms (FindLiveObjects: 0.465987 ms CreateObjectMapping: 0.092100 ms MarkObjects: 2.155516 ms  DeleteObjects: 0.814107 ms)

========================================================================
Received Prepare
Registering precompiled user dll's ...
Registered in 0.001541 seconds.
Begin MonoManager ReloadAssembly
Native extension for OSXStandalone target not found
Native extension for WebGL target not found
Refreshing native plugins compatible for Editor in 0.78 ms, found 1 plugins.
Preloading 0 native plugins for Editor in 0.00 ms.
Invoked RoslynAnalysisRunner static constructor.
RoslynAnalysisRunner will not be running.
RoslynAnalysisRunner has terminated.
Mono: successfully reloaded assembly
- Completed reload, in  1.425 seconds
Platform modules already initialized, skipping
Refreshing native plugins compatible for Editor in 1.43 ms, found 1 plugins.
Preloading 0 native plugins for Editor in 0.00 ms.
Unloading 1470 Unused Serialized files (Serialized files now loaded: 0)
System memory in use before: 139.9 MB.
System memory in use after: 139.6 MB.

Unloading 25 unused Assets to reduce memory usage. Loaded Objects now: 1979.
Total: 4.455425 ms (FindLiveObjects: 0.347305 ms CreateObjectMapping: 0.089745 ms MarkObjects: 3.165417 ms  DeleteObjects: 0.850740 ms)

========================================================================
Received Prepare
Registering precompiled user dll's ...
Registered in 0.012399 seconds.
Begin MonoManager ReloadAssembly
Native extension for OSXStandalone target not found
Native extension for WebGL target not found
Refreshing native plugins compatible for Editor in 1.88 ms, found 1 plugins.
Preloading 0 native plugins for Editor in 0.00 ms.
Invoked RoslynAnalysisRunner static constructor.
RoslynAnalysisRunner will not be running.
RoslynAnalysisRunner has terminated.
Mono: successfully reloaded assembly
- Completed reload, in  3.125 seconds
Platform modules already initialized, skipping
Refreshing native plugins compatible for Editor in 1.00 ms, found 1 plugins.
Preloading 0 native plugins for Editor in 0.00 ms.
Unloading 1470 Unused Serialized files (Serialized files now loaded: 0)
System memory in use before: 140.6 MB.
System memory in use after: 140.3 MB.

Unloading 25 unused Assets to reduce memory usage. Loaded Objects now: 1981.
Total: 6.910772 ms (FindLiveObjects: 0.888616 ms CreateObjectMapping: 0.231957 ms MarkObjects: 4.203935 ms  DeleteObjects: 1.581267 ms)

========================================================================
Received Prepare
Registering precompiled user dll's ...
Registered in 0.013290 seconds.
Begin MonoManager ReloadAssembly
Native extension for OSXStandalone target not found
Native extension for WebGL target not found
Refreshing native plugins compatible for Editor in 1.03 ms, found 1 plugins.
Preloading 0 native plugins for Editor in 0.00 ms.
Invoked RoslynAnalysisRunner static constructor.
RoslynAnalysisRunner will not be running.
RoslynAnalysisRunner has terminated.
Mono: successfully reloaded assembly
- Completed reload, in  2.558 seconds
Platform modules already initialized, skipping
Refreshing native plugins compatible for Editor in 1.13 ms, found 1 plugins.
Preloading 0 native plugins for Editor in 0.00 ms.
Unloading 1470 Unused Serialized files (Serialized files now loaded: 0)
System memory in use before: 140.8 MB.
System memory in use after: 140.5 MB.

Unloading 25 unused Assets to reduce memory usage. Loaded Objects now: 1983.
Total: 5.543930 ms (FindLiveObjects: 0.636077 ms CreateObjectMapping: 0.167410 ms MarkObjects: 3.603905 ms  DeleteObjects: 1.132918 ms)

========================================================================
Received Prepare
Registering precompiled user dll's ...
Registered in 0.001737 seconds.
Begin MonoManager ReloadAssembly
Native extension for OSXStandalone target not found
Native extension for WebGL target not found
Refreshing native plugins compatible for Editor in 0.65 ms, found 1 plugins.
Preloading 0 native plugins for Editor in 0.00 ms.
Invoked RoslynAnalysisRunner static constructor.
RoslynAnalysisRunner will not be running.
RoslynAnalysisRunner has terminated.
Mono: successfully reloaded assembly
- Completed reload, in  3.155 seconds
Platform modules already initialized, skipping
Refreshing native plugins compatible for Editor in 0.61 ms, found 1 plugins.
Preloading 0 native plugins for Editor in 0.00 ms.
Unloading 1470 Unused Serialized files (Serialized files now loaded: 0)
System memory in use before: 141.0 MB.
System memory in use after: 140.7 MB.

Unloading 25 unused Assets to reduce memory usage. Loaded Objects now: 1985.
Total: 3.678173 ms (FindLiveObjects: 0.293056 ms CreateObjectMapping: 0.075307 ms MarkObjects: 2.623601 ms  DeleteObjects: 0.682827 ms)

========================================================================
Received Prepare
Registering precompiled user dll's ...
Registered in 0.002938 seconds.
Begin MonoManager ReloadAssembly
Native extension for OSXStandalone target not found
Native extension for WebGL target not found
Refreshing native plugins compatible for Editor in 1.13 ms, found 1 plugins.
Preloading 0 native plugins for Editor in 0.00 ms.
Invoked RoslynAnalysisRunner static constructor.
RoslynAnalysisRunner will not be running.
RoslynAnalysisRunner has terminated.
Mono: successfully reloaded assembly
- Completed reload, in  3.171 seconds
Platform modules already initialized, skipping
Refreshing native plugins compatible for Editor in 1.74 ms, found 1 plugins.
Preloading 0 native plugins for Editor in 0.00 ms.
Unloading 1470 Unused Serialized files (Serialized files now loaded: 0)
System memory in use before: 141.2 MB.
System memory in use after: 140.9 MB.

Unloading 25 unused Assets to reduce memory usage. Loaded Objects now: 1987.
Total: 6.438943 ms (FindLiveObjects: 0.965029 ms CreateObjectMapping: 0.179548 ms MarkObjects: 4.291947 ms  DeleteObjects: 0.999388 ms)

========================================================================
Received Prepare
Registering precompiled user dll's ...
Registered in 0.001498 seconds.
Begin MonoManager ReloadAssembly
Native extension for OSXStandalone target not found
Native extension for WebGL target not found
Refreshing native plugins compatible for Editor in 0.61 ms, found 1 plugins.
Preloading 0 native plugins for Editor in 0.00 ms.
Invoked RoslynAnalysisRunner static constructor.
RoslynAnalysisRunner will not be running.
RoslynAnalysisRunner has terminated.
Mono: successfully reloaded assembly
- Completed reload, in  2.006 seconds
Platform modules already initialized, skipping
Refreshing native plugins compatible for Editor in 0.61 ms, found 1 plugins.
Preloading 0 native plugins for Editor in 0.00 ms.
Unloading 1470 Unused Serialized files (Serialized files now loaded: 0)
System memory in use before: 141.4 MB.
System memory in use after: 141.0 MB.

Unloading 25 unused Assets to reduce memory usage. Loaded Objects now: 1989.
Total: 2.980626 ms (FindLiveObjects: 0.270435 ms CreateObjectMapping: 0.065895 ms MarkObjects: 1.934988 ms  DeleteObjects: 0.707359 ms)

========================================================================
Received Prepare
Registering precompiled user dll's ...
Registered in 0.001513 seconds.
Begin MonoManager ReloadAssembly
Native extension for OSXStandalone target not found
Native extension for WebGL target not found
Refreshing native plugins compatible for Editor in 1.07 ms, found 1 plugins.
Preloading 0 native plugins for Editor in 0.00 ms.
Invoked RoslynAnalysisRunner static constructor.
RoslynAnalysisRunner will not be running.
RoslynAnalysisRunner has terminated.
Mono: successfully reloaded assembly
- Completed reload, in  2.355 seconds
Platform modules already initialized, skipping
Refreshing native plugins compatible for Editor in 0.61 ms, found 1 plugins.
Preloading 0 native plugins for Editor in 0.00 ms.
Unloading 1470 Unused Serialized files (Serialized files now loaded: 0)
System memory in use before: 141.6 MB.
System memory in use after: 141.2 MB.

Unloading 25 unused Assets to reduce memory usage. Loaded Objects now: 1991.
Total: 3.398936 ms (FindLiveObjects: 0.415666 ms CreateObjectMapping: 0.111265 ms MarkObjects: 2.155172 ms  DeleteObjects: 0.715206 ms)

========================================================================
Received Prepare
Registering precompiled user dll's ...
Registered in 0.009256 seconds.
Begin MonoManager ReloadAssembly
Native extension for OSXStandalone target not found
Native extension for WebGL target not found
Refreshing native plugins compatible for Editor in 2.33 ms, found 1 plugins.
Preloading 0 native plugins for Editor in 0.00 ms.
Invoked RoslynAnalysisRunner static constructor.
RoslynAnalysisRunner will not be running.
RoslynAnalysisRunner has terminated.
Mono: successfully reloaded assembly
- Completed reload, in  2.683 seconds
Platform modules already initialized, skipping
Refreshing native plugins compatible for Editor in 0.81 ms, found 1 plugins.
Preloading 0 native plugins for Editor in 0.00 ms.
Unloading 1470 Unused Serialized files (Serialized files now loaded: 0)
System memory in use before: 141.7 MB.
System memory in use after: 141.4 MB.

Unloading 25 unused Assets to reduce memory usage. Loaded Objects now: 1993.
Total: 5.542172 ms (FindLiveObjects: 0.471305 ms CreateObjectMapping: 0.161944 ms MarkObjects: 3.584979 ms  DeleteObjects: 1.319281 ms)

========================================================================
Received Prepare
Registering precompiled user dll's ...
Registered in 0.003256 seconds.
Begin MonoManager ReloadAssembly
Native extension for OSXStandalone target not found
Native extension for WebGL target not found
Refreshing native plugins compatible for Editor in 1.11 ms, found 1 plugins.
Preloading 0 native plugins for Editor in 0.00 ms.
Invoked RoslynAnalysisRunner static constructor.
RoslynAnalysisRunner will not be running.
RoslynAnalysisRunner has terminated.
Mono: successfully reloaded assembly
- Completed reload, in  2.571 seconds
Platform modules already initialized, skipping
Refreshing native plugins compatible for Editor in 1.09 ms, found 1 plugins.
Preloading 0 native plugins for Editor in 0.00 ms.
Unloading 1470 Unused Serialized files (Serialized files now loaded: 0)
System memory in use before: 141.9 MB.
System memory in use after: 141.6 MB.

Unloading 25 unused Assets to reduce memory usage. Loaded Objects now: 1995.
Total: 7.338243 ms (FindLiveObjects: 0.804394 ms CreateObjectMapping: 0.209587 ms MarkObjects: 5.126528 ms  DeleteObjects: 1.194454 ms)

========================================================================
Received Prepare
Registering precompiled user dll's ...
Registered in 0.005846 seconds.
Begin MonoManager ReloadAssembly
Native extension for OSXStandalone target not found
Native extension for WebGL target not found
Refreshing native plugins compatible for Editor in 1.00 ms, found 1 plugins.
Preloading 0 native plugins for Editor in 0.00 ms.
Invoked RoslynAnalysisRunner static constructor.
RoslynAnalysisRunner will not be running.
RoslynAnalysisRunner has terminated.
Mono: successfully reloaded assembly
- Completed reload, in  1.663 seconds
Platform modules already initialized, skipping
Refreshing native plugins compatible for Editor in 1.05 ms, found 1 plugins.
Preloading 0 native plugins for Editor in 0.00 ms.
Unloading 1470 Unused Serialized files (Serialized files now loaded: 0)
System memory in use before: 142.1 MB.
System memory in use after: 141.8 MB.

Unloading 25 unused Assets to reduce memory usage. Loaded Objects now: 1997.
Total: 4.935160 ms (FindLiveObjects: 0.387577 ms CreateObjectMapping: 0.106415 ms MarkObjects: 3.223965 ms  DeleteObjects: 1.214407 ms)

========================================================================
Received Prepare
Registering precompiled user dll's ...
Registered in 0.005483 seconds.
Begin MonoManager ReloadAssembly
Native extension for OSXStandalone target not found
Native extension for WebGL target not found
Refreshing native plugins compatible for Editor in 0.64 ms, found 1 plugins.
Preloading 0 native plugins for Editor in 0.00 ms.
Invoked RoslynAnalysisRunner static constructor.
RoslynAnalysisRunner will not be running.
RoslynAnalysisRunner has terminated.
Mono: successfully reloaded assembly
- Completed reload, in  1.446 seconds
Platform modules already initialized, skipping
Refreshing native plugins compatible for Editor in 0.67 ms, found 1 plugins.
Preloading 0 native plugins for Editor in 0.00 ms.
Unloading 1470 Unused Serialized files (Serialized files now loaded: 0)
System memory in use before: 142.3 MB.
System memory in use after: 142.0 MB.

Unloading 25 unused Assets to reduce memory usage. Loaded Objects now: 1999.
Total: 3.062556 ms (FindLiveObjects: 0.348070 ms CreateObjectMapping: 0.088712 ms MarkObjects: 1.938242 ms  DeleteObjects: 0.685358 ms)

========================================================================
Received Prepare
Registering precompiled user dll's ...
Registered in 0.001425 seconds.
Begin MonoManager ReloadAssembly
Native extension for OSXStandalone target not found
Native extension for WebGL target not found
Refreshing native plugins compatible for Editor in 1.41 ms, found 1 plugins.
Preloading 0 native plugins for Editor in 0.00 ms.
Invoked RoslynAnalysisRunner static constructor.
RoslynAnalysisRunner will not be running.
RoslynAnalysisRunner has terminated.
Mono: successfully reloaded assembly
- Completed reload, in  2.060 seconds
Platform modules already initialized, skipping
Refreshing native plugins compatible for Editor in 0.64 ms, found 1 plugins.
Preloading 0 native plugins for Editor in 0.00 ms.
Unloading 1470 Unused Serialized files (Serialized files now loaded: 0)
System memory in use before: 142.5 MB.
System memory in use after: 142.2 MB.

Unloading 25 unused Assets to reduce memory usage. Loaded Objects now: 2001.
Total: 3.480492 ms (FindLiveObjects: 0.352074 ms CreateObjectMapping: 0.121352 ms MarkObjects: 2.288508 ms  DeleteObjects: 0.716265 ms)

========================================================================
Received Prepare
Registering precompiled user dll's ...
Registered in 0.008593 seconds.
Begin MonoManager ReloadAssembly
Native extension for OSXStandalone target not found
Native extension for WebGL target not found
Refreshing native plugins compatible for Editor in 1.36 ms, found 1 plugins.
Preloading 0 native plugins for Editor in 0.00 ms.
Invoked RoslynAnalysisRunner static constructor.
RoslynAnalysisRunner will not be running.
RoslynAnalysisRunner has terminated.
Mono: successfully reloaded assembly
- Completed reload, in  1.738 seconds
Platform modules already initialized, skipping
Refreshing native plugins compatible for Editor in 0.98 ms, found 1 plugins.
Preloading 0 native plugins for Editor in 0.00 ms.
Unloading 1470 Unused Serialized files (Serialized files now loaded: 0)
System memory in use before: 142.7 MB.
System memory in use after: 142.4 MB.

Unloading 25 unused Assets to reduce memory usage. Loaded Objects now: 2003.
Total: 3.321219 ms (FindLiveObjects: 0.290230 ms CreateObjectMapping: 0.074329 ms MarkObjects: 2.301362 ms  DeleteObjects: 0.653123 ms)

========================================================================
Received Prepare
Registering precompiled user dll's ...
Registered in 0.002280 seconds.
Begin MonoManager ReloadAssembly
Native extension for OSXStandalone target not found
Native extension for WebGL target not found
Refreshing native plugins compatible for Editor in 1.67 ms, found 1 plugins.
Preloading 0 native plugins for Editor in 0.00 ms.
Invoked RoslynAnalysisRunner static constructor.
RoslynAnalysisRunner will not be running.
RoslynAnalysisRunner has terminated.
Mono: successfully reloaded assembly
- Completed reload, in  2.768 seconds
Platform modules already initialized, skipping
Refreshing native plugins compatible for Editor in 1.51 ms, found 1 plugins.
Preloading 0 native plugins for Editor in 0.00 ms.
Unloading 1470 Unused Serialized files (Serialized files now loaded: 0)
System memory in use before: 142.9 MB.
System memory in use after: 142.6 MB.

Unloading 25 unused Assets to reduce memory usage. Loaded Objects now: 2005.
Total: 5.887365 ms (FindLiveObjects: 0.592375 ms CreateObjectMapping: 0.252393 ms MarkObjects: 4.015768 ms  DeleteObjects: 1.023548 ms)

========================================================================
Received Prepare
Registering precompiled user dll's ...
Registered in 0.023489 seconds.
Begin MonoManager ReloadAssembly
Native extension for OSXStandalone target not found
Native extension for WebGL target not found
Refreshing native plugins compatible for Editor in 0.71 ms, found 1 plugins.
Preloading 0 native plugins for Editor in 0.00 ms.
Invoked RoslynAnalysisRunner static constructor.
RoslynAnalysisRunner will not be running.
RoslynAnalysisRunner has terminated.
Mono: successfully reloaded assembly
- Completed reload, in  4.915 seconds
Platform modules already initialized, skipping
Refreshing native plugins compatible for Editor in 0.84 ms, found 1 plugins.
Preloading 0 native plugins for Editor in 0.00 ms.
Unloading 1470 Unused Serialized files (Serialized files now loaded: 0)
System memory in use before: 143.1 MB.
System memory in use after: 142.8 MB.

Unloading 25 unused Assets to reduce memory usage. Loaded Objects now: 2007.
Total: 8.703152 ms (FindLiveObjects: 0.823921 ms CreateObjectMapping: 0.240100 ms MarkObjects: 6.582794 ms  DeleteObjects: 1.052800 ms)

========================================================================
Received Import Request.
  Time since last request: 140127.609113 seconds.
  path: Assets/Scenes/highScores.unity
  artifactKey: Guid(b316b484c0a524c88bf26af4a6a4c9c0) Importer(815301076,1909f56bfc062723c751e8b465ee728b)
Start importing Assets/Scenes/highScores.unity using Guid(b316b484c0a524c88bf26af4a6a4c9c0) Importer(815301076,1909f56bfc062723c751e8b465ee728b)  -> (artifact id: '78d6d2190986a0da5fe8c32ac0e3df07') in 0.050068 seconds
  Import took 0.064376 seconds .

========================================================================
Received Prepare
Registering precompiled user dll's ...
Registered in 0.002478 seconds.
Begin MonoManager ReloadAssembly
Native extension for OSXStandalone target not found
Native extension for WebGL target not found
Refreshing native plugins compatible for Editor in 0.63 ms, found 1 plugins.
Preloading 0 native plugins for Editor in 0.00 ms.
Invoked RoslynAnalysisRunner static constructor.
RoslynAnalysisRunner will not be running.
RoslynAnalysisRunner has terminated.
Mono: successfully reloaded assembly
- Completed reload, in  2.258 seconds
Platform modules already initialized, skipping
Refreshing native plugins compatible for Editor in 2.05 ms, found 1 plugins.
Preloading 0 native plugins for Editor in 0.00 ms.
Unloading 1471 Unused Serialized files (Serialized files now loaded: 0)
System memory in use before: 143.3 MB.
System memory in use after: 143.0 MB.

Unloading 25 unused Assets to reduce memory usage. Loaded Objects now: 2010.
Total: 6.154663 ms (FindLiveObjects: 0.276874 ms CreateObjectMapping: 0.069775 ms MarkObjects: 4.753270 ms  DeleteObjects: 1.051994 ms)

========================================================================
Received Prepare
Registering precompiled user dll's ...
Registered in 0.001526 seconds.
Begin MonoManager ReloadAssembly
Native extension for OSXStandalone target not found
Native extension for WebGL target not found
Refreshing native plugins compatible for Editor in 0.90 ms, found 1 plugins.
Preloading 0 native plugins for Editor in 0.00 ms.
Invoked RoslynAnalysisRunner static constructor.
RoslynAnalysisRunner will not be running.
RoslynAnalysisRunner has terminated.
Mono: successfully reloaded assembly
- Completed reload, in  1.553 seconds
Platform modules already initialized, skipping
Refreshing native plugins compatible for Editor in 2.47 ms, found 1 plugins.
Preloading 0 native plugins for Editor in 0.00 ms.
Unloading 1471 Unused Serialized files (Serialized files now loaded: 0)
System memory in use before: 143.5 MB.
System memory in use after: 143.2 MB.

Unloading 25 unused Assets to reduce memory usage. Loaded Objects now: 2012.
Total: 4.440555 ms (FindLiveObjects: 0.722940 ms CreateObjectMapping: 0.184037 ms MarkObjects: 2.569515 ms  DeleteObjects: 0.961752 ms)

========================================================================
Received Prepare
Registering precompiled user dll's ...
Registered in 0.002065 seconds.
Begin MonoManager ReloadAssembly
Native extension for OSXStandalone target not found
Native extension for WebGL target not found
Refreshing native plugins compatible for Editor in 0.63 ms, found 1 plugins.
Preloading 0 native plugins for Editor in 0.00 ms.
Invoked RoslynAnalysisRunner static constructor.
RoslynAnalysisRunner will not be running.
RoslynAnalysisRunner has terminated.
Mono: successfully reloaded assembly
- Completed reload, in  1.566 seconds
Platform modules already initialized, skipping
Refreshing native plugins compatible for Editor in 0.98 ms, found 1 plugins.
Preloading 0 native plugins for Editor in 0.00 ms.
Unloading 1471 Unused Serialized files (Serialized files now loaded: 0)
System memory in use before: 143.7 MB.
System memory in use after: 143.4 MB.

Unloading 25 unused Assets to reduce memory usage. Loaded Objects now: 2014.
Total: 5.427890 ms (FindLiveObjects: 0.339602 ms CreateObjectMapping: 0.107958 ms MarkObjects: 3.624417 ms  DeleteObjects: 1.350242 ms)

========================================================================
Received Prepare
Registering precompiled user dll's ...
Registered in 0.001459 seconds.
Begin MonoManager ReloadAssembly
Native extension for OSXStandalone target not found
Native extension for WebGL target not found
Refreshing native plugins compatible for Editor in 0.60 ms, found 1 plugins.
Preloading 0 native plugins for Editor in 0.00 ms.
Invoked RoslynAnalysisRunner static constructor.
RoslynAnalysisRunner will not be running.
RoslynAnalysisRunner has terminated.
Mono: successfully reloaded assembly
- Completed reload, in  1.401 seconds
Platform modules already initialized, skipping
Refreshing native plugins compatible for Editor in 0.84 ms, found 1 plugins.
Preloading 0 native plugins for Editor in 0.00 ms.
Unloading 1471 Unused Serialized files (Serialized files now loaded: 0)
System memory in use before: 143.9 MB.
System memory in use after: 143.6 MB.

Unloading 25 unused Assets to reduce memory usage. Loaded Objects now: 2016.
Total: 5.608664 ms (FindLiveObjects: 0.585840 ms CreateObjectMapping: 0.215232 ms MarkObjects: 3.708298 ms  DeleteObjects: 1.094212 ms)

========================================================================
Received Prepare
Registering precompiled user dll's ...
Registered in 0.001815 seconds.
Begin MonoManager ReloadAssembly
Native extension for OSXStandalone target not found
Native extension for WebGL target not found
Refreshing native plugins compatible for Editor in 0.62 ms, found 1 plugins.
Preloading 0 native plugins for Editor in 0.00 ms.
Invoked RoslynAnalysisRunner static constructor.
RoslynAnalysisRunner will not be running.
RoslynAnalysisRunner has terminated.
Mono: successfully reloaded assembly
- Completed reload, in  1.463 seconds
Platform modules already initialized, skipping
Refreshing native plugins compatible for Editor in 0.63 ms, found 1 plugins.
Preloading 0 native plugins for Editor in 0.00 ms.
Unloading 1471 Unused Serialized files (Serialized files now loaded: 0)
System memory in use before: 144.1 MB.
System memory in use after: 143.8 MB.

Unloading 25 unused Assets to reduce memory usage. Loaded Objects now: 2018.
Total: 3.368033 ms (FindLiveObjects: 0.333670 ms CreateObjectMapping: 0.120748 ms MarkObjects: 2.183220 ms  DeleteObjects: 0.726198 ms)

========================================================================
Received Prepare
Registering precompiled user dll's ...
Registered in 0.002574 seconds.
Begin MonoManager ReloadAssembly
Native extension for OSXStandalone target not found
Native extension for WebGL target not found
Refreshing native plugins compatible for Editor in 0.61 ms, found 1 plugins.
Preloading 0 native plugins for Editor in 0.00 ms.
Invoked RoslynAnalysisRunner static constructor.
RoslynAnalysisRunner will not be running.
RoslynAnalysisRunner has terminated.
Mono: successfully reloaded assembly
- Completed reload, in  1.439 seconds
Platform modules already initialized, skipping
Refreshing native plugins compatible for Editor in 0.64 ms, found 1 plugins.
Preloading 0 native plugins for Editor in 0.00 ms.
Unloading 1471 Unused Serialized files (Serialized files now loaded: 0)
System memory in use before: 144.3 MB.
System memory in use after: 144.0 MB.

Unloading 25 unused Assets to reduce memory usage. Loaded Objects now: 2020.
Total: 7.716989 ms (FindLiveObjects: 0.759188 ms CreateObjectMapping: 0.341371 ms MarkObjects: 5.170313 ms  DeleteObjects: 1.441399 ms)

========================================================================
Received Prepare
Registering precompiled user dll's ...
Registered in 0.001889 seconds.
Begin MonoManager ReloadAssembly
Native extension for OSXStandalone target not found
Native extension for WebGL target not found
Refreshing native plugins compatible for Editor in 0.97 ms, found 1 plugins.
Preloading 0 native plugins for Editor in 0.00 ms.
Invoked RoslynAnalysisRunner static constructor.
RoslynAnalysisRunner will not be running.
RoslynAnalysisRunner has terminated.
Mono: successfully reloaded assembly
- Completed reload, in  2.102 seconds
Platform modules already initialized, skipping
Refreshing native plugins compatible for Editor in 1.07 ms, found 1 plugins.
Preloading 0 native plugins for Editor in 0.00 ms.
Unloading 1471 Unused Serialized files (Serialized files now loaded: 0)
System memory in use before: 144.5 MB.
System memory in use after: 144.2 MB.

Unloading 25 unused Assets to reduce memory usage. Loaded Objects now: 2022.
Total: 3.431178 ms (FindLiveObjects: 0.358955 ms CreateObjectMapping: 0.119715 ms MarkObjects: 2.213415 ms  DeleteObjects: 0.736780 ms)

========================================================================
Received Prepare
Registering precompiled user dll's ...
Registered in 0.001652 seconds.
Begin MonoManager ReloadAssembly
Native extension for OSXStandalone target not found
Native extension for WebGL target not found
Refreshing native plugins compatible for Editor in 0.62 ms, found 1 plugins.
Preloading 0 native plugins for Editor in 0.00 ms.
Invoked RoslynAnalysisRunner static constructor.
RoslynAnalysisRunner will not be running.
RoslynAnalysisRunner has terminated.
Mono: successfully reloaded assembly
- Completed reload, in  1.435 seconds
Platform modules already initialized, skipping
Refreshing native plugins compatible for Editor in 0.64 ms, found 1 plugins.
Preloading 0 native plugins for Editor in 0.00 ms.
Unloading 1471 Unused Serialized files (Serialized files now loaded: 0)
System memory in use before: 144.7 MB.
System memory in use after: 144.4 MB.

Unloading 25 unused Assets to reduce memory usage. Loaded Objects now: 2024.
Total: 3.512000 ms (FindLiveObjects: 0.316681 ms CreateObjectMapping: 0.122010 ms MarkObjects: 2.322758 ms  DeleteObjects: 0.748436 ms)

========================================================================
Received Prepare
Registering precompiled user dll's ...
Registered in 0.001533 seconds.
Begin MonoManager ReloadAssembly
Native extension for OSXStandalone target not found
Native extension for WebGL target not found
Refreshing native plugins compatible for Editor in 0.62 ms, found 1 plugins.
Preloading 0 native plugins for Editor in 0.00 ms.
Invoked RoslynAnalysisRunner static constructor.
RoslynAnalysisRunner will not be running.
RoslynAnalysisRunner has terminated.
Mono: successfully reloaded assembly
- Completed reload, in  1.489 seconds
Platform modules already initialized, skipping
Refreshing native plugins compatible for Editor in 0.66 ms, found 1 plugins.
Preloading 0 native plugins for Editor in 0.00 ms.
Unloading 1471 Unused Serialized files (Serialized files now loaded: 0)
System memory in use before: 144.9 MB.
System memory in use after: 144.6 MB.

Unloading 25 unused Assets to reduce memory usage. Loaded Objects now: 2026.
Total: 4.805126 ms (FindLiveObjects: 0.326810 ms CreateObjectMapping: 0.123333 ms MarkObjects: 2.986408 ms  DeleteObjects: 1.364680 ms)

========================================================================
Received Import Request.
  Time since last request: 2155.185810 seconds.
  path: Assets/Scenes/highScores.unity
  artifactKey: Guid(b316b484c0a524c88bf26af4a6a4c9c0) Importer(815301076,1909f56bfc062723c751e8b465ee728b)
Start importing Assets/Scenes/highScores.unity using Guid(b316b484c0a524c88bf26af4a6a4c9c0) Importer(815301076,1909f56bfc062723c751e8b465ee728b)  -> (artifact id: 'd1dbbbace9c136322a1deb38037da645') in 0.023586 seconds
  Import took 0.033285 seconds .

========================================================================
Received Prepare
Registering precompiled user dll's ...
Registered in 0.004507 seconds.
Begin MonoManager ReloadAssembly
Native extension for OSXStandalone target not found
Native extension for WebGL target not found
Refreshing native plugins compatible for Editor in 0.66 ms, found 1 plugins.
Preloading 0 native plugins for Editor in 0.00 ms.
Invoked RoslynAnalysisRunner static constructor.
RoslynAnalysisRunner will not be running.
RoslynAnalysisRunner has terminated.
Mono: successfully reloaded assembly
- Completed reload, in  1.908 seconds
Platform modules already initialized, skipping
Refreshing native plugins compatible for Editor in 1.05 ms, found 1 plugins.
Preloading 0 native plugins for Editor in 0.00 ms.
Unloading 1471 Unused Serialized files (Serialized files now loaded: 0)
System memory in use before: 145.1 MB.
System memory in use after: 144.8 MB.

Unloading 25 unused Assets to reduce memory usage. Loaded Objects now: 2028.
Total: 6.945695 ms (FindLiveObjects: 0.614558 ms CreateObjectMapping: 0.137433 ms MarkObjects: 4.684278 ms  DeleteObjects: 1.506340 ms)

========================================================================
Received Prepare
Registering precompiled user dll's ...
Registered in 0.019384 seconds.
Begin MonoManager ReloadAssembly
Native extension for OSXStandalone target not found
Native extension for WebGL target not found
Refreshing native plugins compatible for Editor in 1.28 ms, found 1 plugins.
Preloading 0 native plugins for Editor in 0.00 ms.
Invoked RoslynAnalysisRunner static constructor.
RoslynAnalysisRunner will not be running.
RoslynAnalysisRunner has terminated.
Mono: successfully reloaded assembly
- Completed reload, in  2.717 seconds
Platform modules already initialized, skipping
Refreshing native plugins compatible for Editor in 1.51 ms, found 1 plugins.
Preloading 0 native plugins for Editor in 0.00 ms.
Unloading 1471 Unused Serialized files (Serialized files now loaded: 0)
System memory in use before: 145.3 MB.
System memory in use after: 145.0 MB.

Unloading 25 unused Assets to reduce memory usage. Loaded Objects now: 2030.
Total: 9.107602 ms (FindLiveObjects: 0.993422 ms CreateObjectMapping: 0.597152 ms MarkObjects: 5.318555 ms  DeleteObjects: 2.193772 ms)

========================================================================
Received Prepare
Registering precompiled user dll's ...
Registered in 0.015603 seconds.
Begin MonoManager ReloadAssembly
Native extension for OSXStandalone target not found
Native extension for WebGL target not found
Refreshing native plugins compatible for Editor in 0.81 ms, found 1 plugins.
Preloading 0 native plugins for Editor in 0.00 ms.
Invoked RoslynAnalysisRunner static constructor.
RoslynAnalysisRunner will not be running.
RoslynAnalysisRunner has terminated.
Mono: successfully reloaded assembly
- Completed reload, in  2.330 seconds
Platform modules already initialized, skipping
Refreshing native plugins compatible for Editor in 0.64 ms, found 1 plugins.
Preloading 0 native plugins for Editor in 0.00 ms.
Unloading 1471 Unused Serialized files (Serialized files now loaded: 0)
System memory in use before: 145.5 MB.
System memory in use after: 145.2 MB.

Unloading 25 unused Assets to reduce memory usage. Loaded Objects now: 2032.
Total: 3.445355 ms (FindLiveObjects: 0.426632 ms CreateObjectMapping: 0.125792 ms MarkObjects: 2.165209 ms  DeleteObjects: 0.726074 ms)

========================================================================
Received Prepare
Registering precompiled user dll's ...
Registered in 0.002283 seconds.
Begin MonoManager ReloadAssembly
Native extension for OSXStandalone target not found
Native extension for WebGL target not found
Refreshing native plugins compatible for Editor in 0.81 ms, found 1 plugins.
Preloading 0 native plugins for Editor in 0.00 ms.
Invoked RoslynAnalysisRunner static constructor.
RoslynAnalysisRunner will not be running.
RoslynAnalysisRunner has terminated.
Mono: successfully reloaded assembly
- Completed reload, in  1.305 seconds
Platform modules already initialized, skipping
Refreshing native plugins compatible for Editor in 0.62 ms, found 1 plugins.
Preloading 0 native plugins for Editor in 0.00 ms.
Unloading 1471 Unused Serialized files (Serialized files now loaded: 0)
System memory in use before: 145.6 MB.
System memory in use after: 145.3 MB.

Unloading 25 unused Assets to reduce memory usage. Loaded Objects now: 2034.
Total: 3.856881 ms (FindLiveObjects: 0.421636 ms CreateObjectMapping: 0.121437 ms MarkObjects: 2.580260 ms  DeleteObjects: 0.730854 ms)

========================================================================
Received Prepare
Registering precompiled user dll's ...
Registered in 0.002611 seconds.
Begin MonoManager ReloadAssembly
Native extension for OSXStandalone target not found
Native extension for WebGL target not found
Refreshing native plugins compatible for Editor in 0.78 ms, found 1 plugins.
Preloading 0 native plugins for Editor in 0.00 ms.
Invoked RoslynAnalysisRunner static constructor.
RoslynAnalysisRunner will not be running.
RoslynAnalysisRunner has terminated.
Mono: successfully reloaded assembly
- Completed reload, in  1.963 seconds
Platform modules already initialized, skipping
Refreshing native plugins compatible for Editor in 0.92 ms, found 1 plugins.
Preloading 0 native plugins for Editor in 0.00 ms.
Unloading 1471 Unused Serialized files (Serialized files now loaded: 0)
System memory in use before: 145.8 MB.
System memory in use after: 145.5 MB.

Unloading 25 unused Assets to reduce memory usage. Loaded Objects now: 2036.
Total: 3.366672 ms (FindLiveObjects: 0.304213 ms CreateObjectMapping: 0.078362 ms MarkObjects: 2.193782 ms  DeleteObjects: 0.786680 ms)

========================================================================
Received Prepare
Registering precompiled user dll's ...
Registered in 0.034884 seconds.
Begin MonoManager ReloadAssembly
Native extension for OSXStandalone target not found
Native extension for WebGL target not found
Refreshing native plugins compatible for Editor in 13.23 ms, found 1 plugins.
Preloading 0 native plugins for Editor in 0.00 ms.
Invoked RoslynAnalysisRunner static constructor.
RoslynAnalysisRunner will not be running.
RoslynAnalysisRunner has terminated.
Mono: successfully reloaded assembly
- Completed reload, in 10.227 seconds
Platform modules already initialized, skipping
Refreshing native plugins compatible for Editor in 10.10 ms, found 1 plugins.
Preloading 0 native plugins for Editor in 0.00 ms.
Unloading 1471 Unused Serialized files (Serialized files now loaded: 0)
System memory in use before: 146.1 MB.
System memory in use after: 145.8 MB.

Unloading 25 unused Assets to reduce memory usage. Loaded Objects now: 2038.
Total: 73.381696 ms (FindLiveObjects: 8.194759 ms CreateObjectMapping: 0.483564 ms MarkObjects: 55.803452 ms  DeleteObjects: 8.896194 ms)

