Using pre-set license

 COMMAND LINE ARGUMENTS:
/Applications/Unity/Hub/Editor/2020.2.4f1/Unity.app/Contents/MacOS/Unity
-adb2
-batchMode
-noUpm
-name
AssetImportWorker0
-projectPath
/Users/DK 1/Documents/GitHub/Fall2021GameDevelopment/Class Fall 2021
-logFile
Logs/AssetImportWorker0.log
-srvPort
60182
Successfully changed project path to: /Users/DK 1/Documents/GitHub/Fall2021GameDevelopment/Class Fall 2021
/Users/DK 1/Documents/GitHub/Fall2021GameDevelopment/Class Fall 2021
Using Asset Import Pipeline V2.
Refreshing native plugins compatible for Editor in 154.67 ms, found 1 plugins.
Preloading 0 native plugins for Editor in 0.00 ms.
Initialize engine version: 2020.2.4f1 (becced5a802b)
[Subsystems] Discovering subsystems at path /Applications/Unity/Hub/Editor/2020.2.4f1/Unity.app/Contents/Resources/UnitySubsystems
[Subsystems] Discovering subsystems at path /Users/DK 1/Documents/GitHub/Fall2021GameDevelopment/Class Fall 2021/Assets
GfxDevice: creating device client; threaded=0
2021-11-01 09:04:53.081 Unity[24143:678900] Crestron preferred device: Intel(R) Iris(TM) Graphics 6000 (low power)
2021-11-01 09:04:53.082 Unity[24143:678900] Metal devices available: 1
2021-11-01 09:04:53.082 Unity[24143:678900] 0: Intel(R) Iris(TM) Graphics 6000 (low power)
2021-11-01 09:04:53.084 Unity[24143:678900] Using device Intel(R) Iris(TM) Graphics 6000 (low power)
Initializing Metal device caps: Intel(R) Iris(TM) Graphics 6000
Initialize mono
Mono path[0] = '/Applications/Unity/Hub/Editor/2020.2.4f1/Unity.app/Contents/Managed'
Mono path[1] = '/Applications/Unity/Hub/Editor/2020.2.4f1/Unity.app/Contents/MonoBleedingEdge/lib/mono/unityjit'
Mono config path = '/Applications/Unity/Hub/Editor/2020.2.4f1/Unity.app/Contents/MonoBleedingEdge/etc'
Using monoOptions --debugger-agent=transport=dt_socket,embedding=1,server=y,suspend=n,address=127.0.0.1:56143
Begin MonoManager ReloadAssembly
Registering precompiled unity dll's ...
Register platform support module: /Applications/Unity/Hub/Editor/2020.2.4f1/PlaybackEngines/WebGLSupport/UnityEditor.WebGL.Extensions.dll
Register platform support module: /Applications/Unity/Hub/Editor/2020.2.4f1/Unity.app/Contents/PlaybackEngines/MacStandaloneSupport/UnityEditor.OSXStandalone.Extensions.dll
Registered in 0.003794 seconds.
Native extension for OSXStandalone target not found
Native extension for WebGL target not found
Refreshing native plugins compatible for Editor in 103.37 ms, found 1 plugins.
Preloading 0 native plugins for Editor in 0.00 ms.
Invoked RoslynAnalysisRunner static constructor.
RoslynAnalysisRunner will not be running.
RoslynAnalysisRunner has terminated.
Mono: successfully reloaded assembly
- Completed reload, in  4.432 seconds
Platform modules already initialized, skipping
Registering precompiled user dll's ...
Registered in 0.005409 seconds.
Begin MonoManager ReloadAssembly
Native extension for OSXStandalone target not found
Native extension for WebGL target not found
Refreshing native plugins compatible for Editor in 0.55 ms, found 1 plugins.
Preloading 0 native plugins for Editor in 0.00 ms.
Invoked RoslynAnalysisRunner static constructor.
RoslynAnalysisRunner will not be running.
RoslynAnalysisRunner has terminated.
Mono: successfully reloaded assembly
- Completed reload, in  1.523 seconds
Platform modules already initialized, skipping
========================================================================
Worker process is ready to serve import requests
Launching external process: /Applications/Unity/Hub/Editor/2020.2.4f1/Unity.app/Contents/Tools/UnityShaderCompiler
Launched and connected shader compiler UnityShaderCompiler after 0.06 seconds
Refreshing native plugins compatible for Editor in 0.93 ms, found 1 plugins.
Preloading 0 native plugins for Editor in 0.00 ms.
Unloading 1496 Unused Serialized files (Serialized files now loaded: 0)
System memory in use before: 138.0 MB.
System memory in use after: 137.7 MB.

Unloading 34 unused Assets to reduce memory usage. Loaded Objects now: 1944.
Total: 4.018821 ms (FindLiveObjects: 0.315365 ms CreateObjectMapping: 0.101893 ms MarkObjects: 2.805316 ms  DeleteObjects: 0.793982 ms)

========================================================================
Received Import Request.
  path: Assets/Scenes/level1.unity
  artifactKey: Guid(2cda990e2423bbf4892e6590ba056729) Importer(815301076,1909f56bfc062723c751e8b465ee728b)
Start importing Assets/Scenes/level1.unity using Guid(2cda990e2423bbf4892e6590ba056729) Importer(815301076,1909f56bfc062723c751e8b465ee728b)  -> (artifact id: '0a2f570e4d5291f42f1a351f3f0a8f7c') in 0.043850 seconds
  Import took 0.056966 seconds .

========================================================================
Received Import Request.
  Time since last request: 303.389193 seconds.
  path: Assets/mario_ss_jump.png
  artifactKey: Guid(19b902e3a3212460da646d2caa793a5a) Importer(815301076,1909f56bfc062723c751e8b465ee728b)
Start importing Assets/mario_ss_jump.png using Guid(19b902e3a3212460da646d2caa793a5a) Importer(815301076,1909f56bfc062723c751e8b465ee728b)  -> (artifact id: 'e061e38662fc8c3bee0f6f1a2deb9349') in 0.477061 seconds
  Import took 0.486719 seconds .

========================================================================
Received Import Request.
  Time since last request: 0.000556 seconds.
  path: Assets/mario_ss_jump 1.png
  artifactKey: Guid(81d14622a2491471c919362300308228) Importer(815301076,1909f56bfc062723c751e8b465ee728b)
Start importing Assets/mario_ss_jump 1.png using Guid(81d14622a2491471c919362300308228) Importer(815301076,1909f56bfc062723c751e8b465ee728b)  -> (artifact id: 'e4ecb93b8def4a46a44156d0b458bb76') in 0.011433 seconds
  Import took 0.018628 seconds .

========================================================================
Received Import Request.
  Time since last request: 0.001010 seconds.
  path: Assets/mario_ss_idle.png
  artifactKey: Guid(7d0d716725e414d42b0a1444149e2957) Importer(815301076,1909f56bfc062723c751e8b465ee728b)
Start importing Assets/mario_ss_idle.png using Guid(7d0d716725e414d42b0a1444149e2957) Importer(815301076,1909f56bfc062723c751e8b465ee728b)  -> (artifact id: '25d55bf9186f1b716c82fb13b100a87c') in 0.028983 seconds
  Import took 0.035706 seconds .

========================================================================
Received Import Request.
  Time since last request: 21.874235 seconds.
  path: Assets/mario_ss_run.png
  artifactKey: Guid(de9e7ca3ae2de49e3be5ec4e366c46d1) Importer(815301076,1909f56bfc062723c751e8b465ee728b)
Start importing Assets/mario_ss_run.png using Guid(de9e7ca3ae2de49e3be5ec4e366c46d1) Importer(815301076,1909f56bfc062723c751e8b465ee728b)  -> (artifact id: 'd7e5bcc9ed5459a54f5b422f66102119') in 0.033150 seconds
  Import took 0.042542 seconds .

========================================================================
Received Import Request.
  Time since last request: 0.004672 seconds.
  path: Assets/mario_ss_run.png
  artifactKey: Guid(de9e7ca3ae2de49e3be5ec4e366c46d1) Importer(815301076,1909f56bfc062723c751e8b465ee728b)
Start importing Assets/mario_ss_run.png using Guid(de9e7ca3ae2de49e3be5ec4e366c46d1) Importer(815301076,1909f56bfc062723c751e8b465ee728b)  -> (artifact id: 'd7e5bcc9ed5459a54f5b422f66102119') in 0.015393 seconds
  Import took 0.022001 seconds .

========================================================================
Received Import Request.
  Time since last request: 43.527324 seconds.
  path: Assets/mario_ss_idle.png
  artifactKey: Guid(7d0d716725e414d42b0a1444149e2957) Importer(815301076,1909f56bfc062723c751e8b465ee728b)
Start importing Assets/mario_ss_idle.png using Guid(7d0d716725e414d42b0a1444149e2957) Importer(815301076,1909f56bfc062723c751e8b465ee728b)  -> (artifact id: 'e24cce39a10f7f2f546ff3be55374899') in 0.010483 seconds
  Import took 0.017730 seconds .

========================================================================
Received Import Request.
  Time since last request: 38.306821 seconds.
  path: Assets/mario_ss_idle.png
  artifactKey: Guid(7d0d716725e414d42b0a1444149e2957) Importer(815301076,1909f56bfc062723c751e8b465ee728b)
Start importing Assets/mario_ss_idle.png using Guid(7d0d716725e414d42b0a1444149e2957) Importer(815301076,1909f56bfc062723c751e8b465ee728b)  -> (artifact id: 'e21dc366c8f4cc6be423c791f24a65f1') in 0.047586 seconds
  Import took 0.053774 seconds .

========================================================================
Received Prepare
Registering precompiled user dll's ...
Registered in 0.004659 seconds.
Begin MonoManager ReloadAssembly
Native extension for OSXStandalone target not found
Native extension for WebGL target not found
Refreshing native plugins compatible for Editor in 0.56 ms, found 1 plugins.
Preloading 0 native plugins for Editor in 0.00 ms.
Invoked RoslynAnalysisRunner static constructor.
RoslynAnalysisRunner will not be running.
RoslynAnalysisRunner has terminated.
Mono: successfully reloaded assembly
- Completed reload, in  1.619 seconds
Platform modules already initialized, skipping
Refreshing native plugins compatible for Editor in 1.25 ms, found 1 plugins.
Preloading 0 native plugins for Editor in 0.00 ms.
Unloading 1471 Unused Serialized files (Serialized files now loaded: 0)
System memory in use before: 144.3 MB.
System memory in use after: 144.0 MB.

Unloading 25 unused Assets to reduce memory usage. Loaded Objects now: 1960.
Total: 5.410520 ms (FindLiveObjects: 0.548047 ms CreateObjectMapping: 0.126272 ms MarkObjects: 3.449925 ms  DeleteObjects: 1.280737 ms)

========================================================================
Received Import Request.
  Time since last request: 85.221451 seconds.
  path: Assets/mario_ss_run.png
  artifactKey: Guid(de9e7ca3ae2de49e3be5ec4e366c46d1) Importer(815301076,1909f56bfc062723c751e8b465ee728b)
Start importing Assets/mario_ss_run.png using Guid(de9e7ca3ae2de49e3be5ec4e366c46d1) Importer(815301076,1909f56bfc062723c751e8b465ee728b)  -> (artifact id: '38acb50a6ade0f9cf26ec369f0ddb3cc') in 0.067990 seconds
  Import took 0.073922 seconds .

========================================================================
Received Import Request.
  Time since last request: 4.410869 seconds.
  path: Assets/mario_ss_run.png
  artifactKey: Guid(de9e7ca3ae2de49e3be5ec4e366c46d1) Importer(815301076,1909f56bfc062723c751e8b465ee728b)
Start importing Assets/mario_ss_run.png using Guid(de9e7ca3ae2de49e3be5ec4e366c46d1) Importer(815301076,1909f56bfc062723c751e8b465ee728b)  -> (artifact id: '52462416a1cc1250ecd16c9468aa88c5') in 0.087655 seconds
  Import took 0.094734 seconds .

========================================================================
Received Import Request.
  Time since last request: 22.425302 seconds.
  path: Assets/mario_ss_jump.png
  artifactKey: Guid(19b902e3a3212460da646d2caa793a5a) Importer(815301076,1909f56bfc062723c751e8b465ee728b)
Start importing Assets/mario_ss_jump.png using Guid(19b902e3a3212460da646d2caa793a5a) Importer(815301076,1909f56bfc062723c751e8b465ee728b)  -> (artifact id: 'a588a4f44e898e2d91f653ab87a974e1') in 0.014039 seconds
  Import took 0.022383 seconds .

========================================================================
Received Import Request.
  Time since last request: 22.556231 seconds.
  path: Assets/mario_ss_jump.png
  artifactKey: Guid(19b902e3a3212460da646d2caa793a5a) Importer(815301076,1909f56bfc062723c751e8b465ee728b)
Start importing Assets/mario_ss_jump.png using Guid(19b902e3a3212460da646d2caa793a5a) Importer(815301076,1909f56bfc062723c751e8b465ee728b)  -> (artifact id: '88bad222e1f67ab9e7410322369fa337') in 0.075559 seconds
  Import took 0.083205 seconds .

========================================================================
Received Import Request.
  Time since last request: 58.182774 seconds.
  path: Assets/mario_ss_idle_0.controller
  artifactKey: Guid(d6ab31524b6224cff8258652324382ad) Importer(815301076,1909f56bfc062723c751e8b465ee728b)
Start importing Assets/mario_ss_idle_0.controller using Guid(d6ab31524b6224cff8258652324382ad) Importer(815301076,1909f56bfc062723c751e8b465ee728b)  -> (artifact id: '109585677d467b9312674280ea93832c') in 0.164251 seconds
  Import took 0.169364 seconds .

========================================================================
Received Import Request.
  Time since last request: 188.332997 seconds.
  path: Assets/Mario_Idle.anim
  artifactKey: Guid(fd13151d7ddf54e21a61b96a15044c5d) Importer(815301076,1909f56bfc062723c751e8b465ee728b)
Start importing Assets/Mario_Idle.anim using Guid(fd13151d7ddf54e21a61b96a15044c5d) Importer(815301076,1909f56bfc062723c751e8b465ee728b)  -> (artifact id: 'fb608b624bb0b97585b5e7170ec0f3a9') in 0.046129 seconds
  Import took 0.052944 seconds .

========================================================================
Received Prepare
Registering precompiled user dll's ...
Registered in 0.004499 seconds.
Begin MonoManager ReloadAssembly
Native extension for OSXStandalone target not found
Native extension for WebGL target not found
Refreshing native plugins compatible for Editor in 0.62 ms, found 1 plugins.
Preloading 0 native plugins for Editor in 0.00 ms.
Invoked RoslynAnalysisRunner static constructor.
RoslynAnalysisRunner will not be running.
RoslynAnalysisRunner has terminated.
Mono: successfully reloaded assembly
- Completed reload, in  2.321 seconds
Platform modules already initialized, skipping
Refreshing native plugins compatible for Editor in 0.59 ms, found 1 plugins.
Preloading 0 native plugins for Editor in 0.00 ms.
Unloading 1471 Unused Serialized files (Serialized files now loaded: 0)
System memory in use before: 153.2 MB.
System memory in use after: 152.8 MB.

Unloading 25 unused Assets to reduce memory usage. Loaded Objects now: 1989.
Total: 5.659938 ms (FindLiveObjects: 0.786499 ms CreateObjectMapping: 0.197695 ms MarkObjects: 3.795393 ms  DeleteObjects: 0.878277 ms)

========================================================================
Received Prepare
Registering precompiled user dll's ...
Registered in 0.001475 seconds.
Begin MonoManager ReloadAssembly
Native extension for OSXStandalone target not found
Native extension for WebGL target not found
Refreshing native plugins compatible for Editor in 0.82 ms, found 1 plugins.
Preloading 0 native plugins for Editor in 0.00 ms.
Invoked RoslynAnalysisRunner static constructor.
RoslynAnalysisRunner will not be running.
RoslynAnalysisRunner has terminated.
Mono: successfully reloaded assembly
- Completed reload, in  1.504 seconds
Platform modules already initialized, skipping
Refreshing native plugins compatible for Editor in 1.11 ms, found 1 plugins.
Preloading 0 native plugins for Editor in 0.00 ms.
Unloading 1471 Unused Serialized files (Serialized files now loaded: 0)
System memory in use before: 153.4 MB.
System memory in use after: 153.0 MB.

Unloading 25 unused Assets to reduce memory usage. Loaded Objects now: 1991.
Total: 5.022182 ms (FindLiveObjects: 0.553170 ms CreateObjectMapping: 0.118552 ms MarkObjects: 3.038643 ms  DeleteObjects: 1.309195 ms)

========================================================================
Received Prepare
Registering precompiled user dll's ...
Registered in 0.016680 seconds.
Begin MonoManager ReloadAssembly
Native extension for OSXStandalone target not found
Native extension for WebGL target not found
Refreshing native plugins compatible for Editor in 0.68 ms, found 1 plugins.
Preloading 0 native plugins for Editor in 0.00 ms.
Invoked RoslynAnalysisRunner static constructor.
RoslynAnalysisRunner will not be running.
RoslynAnalysisRunner has terminated.
Mono: successfully reloaded assembly
- Completed reload, in  2.602 seconds
Platform modules already initialized, skipping
Refreshing native plugins compatible for Editor in 1.76 ms, found 1 plugins.
Preloading 0 native plugins for Editor in 0.00 ms.
Unloading 1471 Unused Serialized files (Serialized files now loaded: 0)
System memory in use before: 153.5 MB.
System memory in use after: 153.2 MB.

Unloading 25 unused Assets to reduce memory usage. Loaded Objects now: 1993.
Total: 3.895959 ms (FindLiveObjects: 0.276107 ms CreateObjectMapping: 0.094363 ms MarkObjects: 2.678564 ms  DeleteObjects: 0.842083 ms)

========================================================================
Received Prepare
Registering precompiled user dll's ...
Registered in 0.002251 seconds.
Begin MonoManager ReloadAssembly
Native extension for OSXStandalone target not found
Native extension for WebGL target not found
Refreshing native plugins compatible for Editor in 0.61 ms, found 1 plugins.
Preloading 0 native plugins for Editor in 0.00 ms.
Invoked RoslynAnalysisRunner static constructor.
RoslynAnalysisRunner will not be running.
RoslynAnalysisRunner has terminated.
Mono: successfully reloaded assembly
- Completed reload, in  1.986 seconds
Platform modules already initialized, skipping
Refreshing native plugins compatible for Editor in 1.03 ms, found 1 plugins.
Preloading 0 native plugins for Editor in 0.00 ms.
Unloading 1471 Unused Serialized files (Serialized files now loaded: 0)
System memory in use before: 153.7 MB.
System memory in use after: 153.4 MB.

Unloading 25 unused Assets to reduce memory usage. Loaded Objects now: 1995.
Total: 4.903193 ms (FindLiveObjects: 0.396000 ms CreateObjectMapping: 0.110280 ms MarkObjects: 3.174500 ms  DeleteObjects: 1.219833 ms)

========================================================================
Received Prepare
Registering precompiled user dll's ...
Registered in 0.001453 seconds.
Begin MonoManager ReloadAssembly
Native extension for OSXStandalone target not found
Native extension for WebGL target not found
Refreshing native plugins compatible for Editor in 1.11 ms, found 1 plugins.
Preloading 0 native plugins for Editor in 0.00 ms.
Invoked RoslynAnalysisRunner static constructor.
RoslynAnalysisRunner will not be running.
RoslynAnalysisRunner has terminated.
Mono: successfully reloaded assembly
- Completed reload, in  1.386 seconds
Platform modules already initialized, skipping
Refreshing native plugins compatible for Editor in 0.82 ms, found 1 plugins.
Preloading 0 native plugins for Editor in 0.00 ms.
Unloading 1471 Unused Serialized files (Serialized files now loaded: 0)
System memory in use before: 153.9 MB.
System memory in use after: 153.6 MB.

Unloading 25 unused Assets to reduce memory usage. Loaded Objects now: 1997.
Total: 3.067470 ms (FindLiveObjects: 0.296722 ms CreateObjectMapping: 0.069262 ms MarkObjects: 1.996050 ms  DeleteObjects: 0.702292 ms)

========================================================================
Received Prepare
Registering precompiled user dll's ...
Registered in 0.006097 seconds.
Begin MonoManager ReloadAssembly
Native extension for OSXStandalone target not found
Native extension for WebGL target not found
Refreshing native plugins compatible for Editor in 0.56 ms, found 1 plugins.
Preloading 0 native plugins for Editor in 0.00 ms.
Invoked RoslynAnalysisRunner static constructor.
RoslynAnalysisRunner will not be running.
RoslynAnalysisRunner has terminated.
Mono: successfully reloaded assembly
- Completed reload, in  1.457 seconds
Platform modules already initialized, skipping
Refreshing native plugins compatible for Editor in 1.14 ms, found 1 plugins.
Preloading 0 native plugins for Editor in 0.00 ms.
Unloading 1471 Unused Serialized files (Serialized files now loaded: 0)
System memory in use before: 154.1 MB.
System memory in use after: 153.8 MB.

Unloading 25 unused Assets to reduce memory usage. Loaded Objects now: 1999.
Total: 4.844772 ms (FindLiveObjects: 0.386243 ms CreateObjectMapping: 0.110627 ms MarkObjects: 3.118550 ms  DeleteObjects: 1.226575 ms)

========================================================================
Received Prepare
Registering precompiled user dll's ...
Registered in 0.005406 seconds.
Begin MonoManager ReloadAssembly
Native extension for OSXStandalone target not found
Native extension for WebGL target not found
Refreshing native plugins compatible for Editor in 0.64 ms, found 1 plugins.
Preloading 0 native plugins for Editor in 0.00 ms.
Invoked RoslynAnalysisRunner static constructor.
RoslynAnalysisRunner will not be running.
RoslynAnalysisRunner has terminated.
Mono: successfully reloaded assembly
- Completed reload, in  1.794 seconds
Platform modules already initialized, skipping
Refreshing native plugins compatible for Editor in 0.62 ms, found 1 plugins.
Preloading 0 native plugins for Editor in 0.00 ms.
Unloading 1471 Unused Serialized files (Serialized files now loaded: 0)
System memory in use before: 154.3 MB.
System memory in use after: 154.0 MB.

Unloading 25 unused Assets to reduce memory usage. Loaded Objects now: 2001.
Total: 3.269330 ms (FindLiveObjects: 0.389129 ms CreateObjectMapping: 0.108087 ms MarkObjects: 2.046984 ms  DeleteObjects: 0.723657 ms)

========================================================================
Received Import Request.
  Time since last request: 957.174243 seconds.
  path: Assets/mario_ss_run 1.png
  artifactKey: Guid(1e3d870c01bff4d3b86c30988222a4ad) Importer(815301076,1909f56bfc062723c751e8b465ee728b)
Start importing Assets/mario_ss_run 1.png using Guid(1e3d870c01bff4d3b86c30988222a4ad) Importer(815301076,1909f56bfc062723c751e8b465ee728b)  -> (artifact id: '48adff411f35b146ba60c1c2055fe523') in 0.104265 seconds
  Import took 0.112369 seconds .

========================================================================
Received Import Request.
  Time since last request: 8.563299 seconds.
  path: Assets/mario_ss_run 1.png
  artifactKey: Guid(1e3d870c01bff4d3b86c30988222a4ad) Importer(815301076,1909f56bfc062723c751e8b465ee728b)
Start importing Assets/mario_ss_run 1.png using Guid(1e3d870c01bff4d3b86c30988222a4ad) Importer(815301076,1909f56bfc062723c751e8b465ee728b)  -> (artifact id: 'eea41a752e79b954979fa8a281d6b130') in 0.012777 seconds
  Import took 0.022297 seconds .

========================================================================
Received Import Request.
  Time since last request: 144.480286 seconds.
  path: Assets/mario_ss_run 1.png
  artifactKey: Guid(1e3d870c01bff4d3b86c30988222a4ad) Importer(815301076,1909f56bfc062723c751e8b465ee728b)
Start importing Assets/mario_ss_run 1.png using Guid(1e3d870c01bff4d3b86c30988222a4ad) Importer(815301076,1909f56bfc062723c751e8b465ee728b)  -> (artifact id: 'aa633716296d91e24628c47c950081f0') in 0.051221 seconds
  Import took 0.059135 seconds .

========================================================================
Received Import Request.
  Time since last request: 28.958356 seconds.
  path: Assets/mario_ss_run 1.png
  artifactKey: Guid(1e3d870c01bff4d3b86c30988222a4ad) Importer(815301076,1909f56bfc062723c751e8b465ee728b)
Start importing Assets/mario_ss_run 1.png using Guid(1e3d870c01bff4d3b86c30988222a4ad) Importer(815301076,1909f56bfc062723c751e8b465ee728b)  -> (artifact id: '235f89e9fca916067ad6d13fe53e2d70') in 0.059897 seconds
  Import took 0.068851 seconds .

========================================================================
Received Prepare
Registering precompiled user dll's ...
Registered in 0.015430 seconds.
Begin MonoManager ReloadAssembly
Native extension for OSXStandalone target not found
Native extension for WebGL target not found
Refreshing native plugins compatible for Editor in 0.60 ms, found 1 plugins.
Preloading 0 native plugins for Editor in 0.00 ms.
Invoked RoslynAnalysisRunner static constructor.
RoslynAnalysisRunner will not be running.
RoslynAnalysisRunner has terminated.
Mono: successfully reloaded assembly
- Completed reload, in  1.375 seconds
Platform modules already initialized, skipping
Refreshing native plugins compatible for Editor in 0.60 ms, found 1 plugins.
Preloading 0 native plugins for Editor in 0.00 ms.
Unloading 1471 Unused Serialized files (Serialized files now loaded: 0)
System memory in use before: 154.7 MB.
System memory in use after: 154.3 MB.

Unloading 25 unused Assets to reduce memory usage. Loaded Objects now: 2008.
Total: 3.940775 ms (FindLiveObjects: 0.255451 ms CreateObjectMapping: 0.060029 ms MarkObjects: 2.521063 ms  DeleteObjects: 1.102125 ms)

========================================================================
Received Import Request.
  Time since last request: 106.890675 seconds.
  path: Assets/mario_ss_run 1.png
  artifactKey: Guid(1e3d870c01bff4d3b86c30988222a4ad) Importer(815301076,1909f56bfc062723c751e8b465ee728b)
Start importing Assets/mario_ss_run 1.png using Guid(1e3d870c01bff4d3b86c30988222a4ad) Importer(815301076,1909f56bfc062723c751e8b465ee728b)  -> (artifact id: '17c7f35722671ccc301c9a2a050c666d') in 0.120365 seconds
  Import took 0.128154 seconds .

========================================================================
Received Import Request.
  Time since last request: 67.348033 seconds.
  path: Assets/mario_ss_run 1.png
  artifactKey: Guid(1e3d870c01bff4d3b86c30988222a4ad) Importer(815301076,1909f56bfc062723c751e8b465ee728b)
Start importing Assets/mario_ss_run 1.png using Guid(1e3d870c01bff4d3b86c30988222a4ad) Importer(815301076,1909f56bfc062723c751e8b465ee728b)  -> (artifact id: '96ed4535342793c67074e80bedbe6c41') in 0.055488 seconds
  Import took 0.064662 seconds .

========================================================================
Received Prepare
Registering precompiled user dll's ...
Registered in 0.005562 seconds.
Begin MonoManager ReloadAssembly
Native extension for OSXStandalone target not found
Native extension for WebGL target not found
Refreshing native plugins compatible for Editor in 0.59 ms, found 1 plugins.
Preloading 0 native plugins for Editor in 0.00 ms.
Invoked RoslynAnalysisRunner static constructor.
RoslynAnalysisRunner will not be running.
RoslynAnalysisRunner has terminated.
Mono: successfully reloaded assembly
- Completed reload, in  1.569 seconds
Platform modules already initialized, skipping
Refreshing native plugins compatible for Editor in 1.36 ms, found 1 plugins.
Preloading 0 native plugins for Editor in 0.00 ms.
Unloading 1471 Unused Serialized files (Serialized files now loaded: 0)
System memory in use before: 155.0 MB.
System memory in use after: 154.7 MB.

Unloading 25 unused Assets to reduce memory usage. Loaded Objects now: 2015.
Total: 5.093683 ms (FindLiveObjects: 0.355843 ms CreateObjectMapping: 0.111587 ms MarkObjects: 3.420068 ms  DeleteObjects: 1.203793 ms)

========================================================================
Received Prepare
Registering precompiled user dll's ...
Registered in 0.001806 seconds.
Begin MonoManager ReloadAssembly
Native extension for OSXStandalone target not found
Native extension for WebGL target not found
Refreshing native plugins compatible for Editor in 1.04 ms, found 1 plugins.
Preloading 0 native plugins for Editor in 0.00 ms.
Invoked RoslynAnalysisRunner static constructor.
RoslynAnalysisRunner will not be running.
RoslynAnalysisRunner has terminated.
Mono: successfully reloaded assembly
- Completed reload, in  1.434 seconds
Platform modules already initialized, skipping
Refreshing native plugins compatible for Editor in 0.79 ms, found 1 plugins.
Preloading 0 native plugins for Editor in 0.00 ms.
Unloading 1471 Unused Serialized files (Serialized files now loaded: 0)
System memory in use before: 155.2 MB.
System memory in use after: 154.9 MB.

Unloading 25 unused Assets to reduce memory usage. Loaded Objects now: 2017.
Total: 4.434027 ms (FindLiveObjects: 0.419959 ms CreateObjectMapping: 0.140675 ms MarkObjects: 2.782747 ms  DeleteObjects: 1.086901 ms)

========================================================================
Received Import Request.
  Time since last request: 174.479044 seconds.
  path: Assets/Coin.cs
  artifactKey: Guid(9195a9dd695034452800121a184399b1) Importer(815301076,1909f56bfc062723c751e8b465ee728b)
Start importing Assets/Coin.cs using Guid(9195a9dd695034452800121a184399b1) Importer(815301076,1909f56bfc062723c751e8b465ee728b)  -> (artifact id: '648b110e58c2b9ab44f210a83a51871c') in 0.077927 seconds
  Import took 0.089448 seconds .

========================================================================
Received Import Request.
  Time since last request: 0.009182 seconds.
  path: Assets/Coin.cs
  artifactKey: Guid(9195a9dd695034452800121a184399b1) Importer(815301076,1909f56bfc062723c751e8b465ee728b)
Start importing Assets/Coin.cs using Guid(9195a9dd695034452800121a184399b1) Importer(815301076,1909f56bfc062723c751e8b465ee728b)  -> (artifact id: '648b110e58c2b9ab44f210a83a51871c') in 0.013986 seconds
  Import took 0.020311 seconds .

========================================================================
Received Prepare
Registering precompiled user dll's ...
Registered in 0.019439 seconds.
Begin MonoManager ReloadAssembly
Native extension for OSXStandalone target not found
Native extension for WebGL target not found
Refreshing native plugins compatible for Editor in 0.56 ms, found 1 plugins.
Preloading 0 native plugins for Editor in 0.00 ms.
Invoked RoslynAnalysisRunner static constructor.
RoslynAnalysisRunner will not be running.
RoslynAnalysisRunner has terminated.
Mono: successfully reloaded assembly
- Completed reload, in  1.491 seconds
Platform modules already initialized, skipping
Refreshing native plugins compatible for Editor in 1.03 ms, found 1 plugins.
Preloading 0 native plugins for Editor in 0.00 ms.
Unloading 1471 Unused Serialized files (Serialized files now loaded: 0)
System memory in use before: 159.6 MB.
System memory in use after: 159.2 MB.

Unloading 25 unused Assets to reduce memory usage. Loaded Objects now: 2019.
Total: 4.693132 ms (FindLiveObjects: 0.389760 ms CreateObjectMapping: 0.109820 ms MarkObjects: 3.108400 ms  DeleteObjects: 1.082845 ms)

========================================================================
Received Prepare
Registering precompiled user dll's ...
Registered in 0.001444 seconds.
Begin MonoManager ReloadAssembly
Native extension for OSXStandalone target not found
Native extension for WebGL target not found
Refreshing native plugins compatible for Editor in 0.60 ms, found 1 plugins.
Preloading 0 native plugins for Editor in 0.00 ms.
Invoked RoslynAnalysisRunner static constructor.
RoslynAnalysisRunner will not be running.
RoslynAnalysisRunner has terminated.
Mono: successfully reloaded assembly
- Completed reload, in  1.453 seconds
Platform modules already initialized, skipping
Refreshing native plugins compatible for Editor in 0.61 ms, found 1 plugins.
Preloading 0 native plugins for Editor in 0.00 ms.
Unloading 1471 Unused Serialized files (Serialized files now loaded: 0)
System memory in use before: 159.8 MB.
System memory in use after: 159.4 MB.

Unloading 25 unused Assets to reduce memory usage. Loaded Objects now: 2021.
Total: 3.023741 ms (FindLiveObjects: 0.240345 ms CreateObjectMapping: 0.061715 ms MarkObjects: 2.002990 ms  DeleteObjects: 0.716829 ms)

========================================================================
Received Prepare
Registering precompiled user dll's ...
Registered in 0.001356 seconds.
Begin MonoManager ReloadAssembly
Native extension for OSXStandalone target not found
Native extension for WebGL target not found
Refreshing native plugins compatible for Editor in 0.58 ms, found 1 plugins.
Preloading 0 native plugins for Editor in 0.00 ms.
Invoked RoslynAnalysisRunner static constructor.
RoslynAnalysisRunner will not be running.
RoslynAnalysisRunner has terminated.
Mono: successfully reloaded assembly
- Completed reload, in  1.751 seconds
Platform modules already initialized, skipping
Refreshing native plugins compatible for Editor in 1.03 ms, found 1 plugins.
Preloading 0 native plugins for Editor in 0.00 ms.
Unloading 1471 Unused Serialized files (Serialized files now loaded: 0)
System memory in use before: 159.9 MB.
System memory in use after: 159.6 MB.

Unloading 25 unused Assets to reduce memory usage. Loaded Objects now: 2023.
Total: 3.522996 ms (FindLiveObjects: 0.323005 ms CreateObjectMapping: 0.090590 ms MarkObjects: 2.281232 ms  DeleteObjects: 0.825938 ms)

========================================================================
Received Import Request.
  Time since last request: 114.089906 seconds.
  path: Assets/Scenes/menu.unity
  artifactKey: Guid(db6c98fc03c204b239a419197a890687) Importer(815301076,1909f56bfc062723c751e8b465ee728b)
Start importing Assets/Scenes/menu.unity using Guid(db6c98fc03c204b239a419197a890687) Importer(815301076,1909f56bfc062723c751e8b465ee728b)  -> (artifact id: '64667e96d4faa559ac9f111fa68fa6dd') in 0.023186 seconds
  Import took 0.031669 seconds .

